2019-08-01 00:00:07,564   프로세스 시작
2019-08-01 00:00:08,002   사이트01 연결 실패
2019-08-01 00:00:16,930   사이트03 연결 성공
2019-08-01 00:00:40,849   사이트04 연결 실패
2019-08-01 00:00:41,154   사이트05 연결 실패
2019-08-01 00:00:42,394   사이트06 연결 성공
2019-08-01 00:00:46,327   사이트07 연결 성공
2019-08-01 00:00:46,728   ---------- 사이트 검색 완료
2019-08-01 00:00:47,580   ---------- 트랜스미션 검색(0/33)
2019-08-01 00:00:47,599   토렌트 없음 : 60일, 지정생존자 E09 720P 190729 - 방영일 지남
2019-08-01 00:00:47,599   토렌트 없음 : 60일, 지정생존자 E10 720P 190730 - 방영일 지남
2019-08-01 00:00:47,599   토렌트 없음 : WATCHER(왓쳐) E07 720P 190727 - 방영일 지남
2019-08-01 00:00:47,600   토렌트 없음 : WATCHER(왓쳐) E08 720P 190728 - 방영일 지남
2019-08-01 00:00:47,601   토렌트 없음 : 닥터탐정 E06 720P 190801
2019-08-01 00:00:47,602   토렌트 없음 : 닥터탐정 E07 720P 190725 - 방영일 지남
2019-08-01 00:00:47,602   토렌트 없음 : 닥터탐정 E08 720P 190725 - 방영일 지남
2019-08-01 00:00:47,603   토렌트 없음 : 레벨업 E07 720P 190731 - 방영일 지남
2019-08-01 00:00:47,603   토렌트 없음 : 레벨업 E08 720P 190801
2019-08-01 00:00:47,604   토렌트 없음 : 미스터 기간제 E02 720P 190718 - 방영일 지남
2019-08-01 00:00:47,604   토렌트 없음 : 미스터 기간제 E05 720P 190731 - 방영일 지남
2019-08-01 00:00:47,605   토렌트 없음 : 미스터 기간제 E06 720P 190801
2019-08-01 00:00:47,605   토렌트 없음 : 신입사관 구해령 E11 720P 190801
2019-08-01 00:00:47,606   토렌트 없음 : 신입사관 구해령 E12 720P 190801
2019-08-01 00:00:47,606   토렌트 없음 : 악마가 너의 이름을 부를 때 E01 720P 190731 - 방영일 지남
2019-08-01 00:00:47,607   토렌트 없음 : 악마가 너의 이름을 부를 때 E02 720P 190801
2019-08-01 00:00:47,607   토렌트 없음 : 의사요한 E05 720P 190726 - 방영일 지남
2019-08-01 00:00:47,608   토렌트 없음 : 의사요한 E06 720P 190726 - 방영일 지남
2019-08-01 00:00:47,609   토렌트 없음 : 의사요한 E07 720P 190727 - 방영일 지남
2019-08-01 00:00:47,610   토렌트 없음 : 의사요한 E08 720P 190727 - 방영일 지남
2019-08-01 00:00:47,629   토렌트 없음 : 거리의 만찬 E32 720P 190705 - 방영일 지남
2019-08-01 00:00:47,629   토렌트 없음 : 거리의 만찬 E33 720P 190712 - 방영일 지남
2019-08-01 00:00:47,631   토렌트 없음 : 거리의 만찬 E34 720P 190719 - 방영일 지남
2019-08-01 00:00:47,632   토렌트 없음 : 나만 믿고 따라와 도시어부 E99 720P 190712 - 방영일 지남
2019-08-01 00:00:47,632   토렌트 없음 : 배틀트립 E149 720P 190720 - 방영일 지남
2019-08-01 00:00:47,633   토렌트 없음 : 배틀트립 E150 720P 190727 - 방영일 지남
2019-08-01 00:00:47,633   토렌트 없음 : 백종원의 골목식당 E77 720P 190731 - 방영일 지남
2019-08-01 00:00:47,634   토렌트 없음 : 불후의 명곡 전설을 노래하다 E412 720P 190720 - 방영일 지남
2019-08-01 00:00:47,634   토렌트 없음 : 불후의 명곡 전설을 노래하다 E413 720P 190727 - 방영일 지남
2019-08-01 00:00:47,634   토렌트 없음 : 씬의 퀴즈 E04 720P 190801
2019-08-01 00:00:47,635   토렌트 없음 : 한끼줍쇼 E137 720P 190731 - 방영일 지남
2019-08-01 00:00:47,636   토렌트 없음 : 해피투게더 E43 720P 190801
2019-08-01 00:00:47,636   토렌트 없음 : 호구의 연애 E17 720P 190714 - 방영일 지남
2019-08-01 00:00:47,637   ---------- 토렌트 매칭 완료 (0/33)
2019-08-01 00:00:47,639   ---------- 다운로드 (0/0)
2019-08-01 00:00:47,640   트랜스미션 상태 : 닥터 탐정.E05.190731.720p-NEXT / 시딩중->중지 / 100%
2019-08-01 00:00:52,681   Plex 스트리밍 : 2     다운속도 : 4000 KBps, 업속도 : 1000 KBps, 
2019-08-01 00:00:52,736   트랜스미션 상태 : 저스티스 9-10회 합본.E05.190731.720p-NEXT / 다운로드중 / 61%
2019-08-01 00:00:52,739   ---------- 상태확인 (1/2)
2019-08-01 00:00:52,741   토렌트파일명 변경 : 닥터 탐정.E05.190731.720p-NEXT/닥터 탐정.E05.190731.720p-NEXT.mp4 - 닥터탐정.S01E05.190731.720P
2019-08-01 00:00:52,744   파일경로 변경 : 닥터 탐정.E05.190731.720p-NEXT - D:\토렌트 다운\드라마\한국
2019-08-01 00:00:52,828   ---------- 파일처리 (1/1)
2019-08-01 00:00:52,831   트랜스미션 삭제 완료 : 닥터 탐정.E05.190731.720p-NEXT
2019-08-01 00:00:52,929   ---------- 토렌트삭제 (1/1)
2019-08-01 00:00:53,799   ########## 프로세스 실행중 - 10분후(2019-08-01 00:10:53) 재시작
2019-08-01 00:00:53,799   메모리 사용량 : 79 Mbytes / 135 Mbytes (2720 MBytes)
2019-08-01 00:01:52,686   Plex 스트리밍 : 2     다운속도 : 4000 KBps, 업속도 : 1000 KBps, 
2019-08-01 00:02:52,690   Plex 스트리밍 : 2     다운속도 : 4000 KBps, 업속도 : 1000 KBps, 
2019-08-01 00:03:52,695   Plex 스트리밍 : 2     다운속도 : 4000 KBps, 업속도 : 1000 KBps, 
2019-08-01 00:04:52,700   Plex 스트리밍 : 2     다운속도 : 4000 KBps, 업속도 : 1000 KBps, 
2019-08-01 00:05:52,705   Plex 스트리밍 : 2     다운속도 : 4000 KBps, 업속도 : 1000 KBps, 
2019-08-01 00:06:52,710   Plex 스트리밍 : 2     다운속도 : 4000 KBps, 업속도 : 1000 KBps, 
2019-08-01 00:07:52,716   Plex 스트리밍 : 2     다운속도 : 4000 KBps, 업속도 : 1000 KBps, 
2019-08-01 00:08:52,763   Plex 스트리밍 : 2     다운속도 : 4000 KBps, 업속도 : 1000 KBps, 
2019-08-01 00:09:52,784   Plex 스트리밍 : 2     다운속도 : 4000 KBps, 업속도 : 1000 KBps, 
2019-08-01 00:10:52,791   Plex 스트리밍 : 2     다운속도 : 4000 KBps, 업속도 : 1000 KBps, 
2019-08-01 00:10:53,999   프로세스 시작
2019-08-01 00:10:55,723   사이트01 연결 실패
2019-08-01 00:10:56,569   사이트03 연결 성공
2019-08-01 00:10:57,572   사이트03 드라마 1페이지 신규 토렌트 : 닥터 탐정.E05.190731.720p-NEXT
2019-08-01 00:10:57,659   사이트03 드라마 1페이지 신규 토렌트 : 저스티스 9-10회 합본.E05.190731.720p-NEXT
2019-08-01 00:10:57,759   사이트03 드라마 1페이지 신규 토렌트 : 시간을 달리는 게임 리와인드.E03.190731.720p-NEXT
2019-08-01 00:11:09,367   사이트03 예능   1페이지 신규 토렌트 : 대한 외국인.E42.190731.720p-NEXT
2019-08-01 00:11:21,186   사이트03 TV     1페이지 신규 토렌트 : 나는 자연인이다.E359.190731.720p-NEXT
2019-08-01 00:11:32,893   사이트03 마그넷 검색 : 저스티스 9-10회 합본.E05.190731.720p-NEXT / magnet:?xt=urn:btih:e3f306ebfc2f1cfc5f4c38f90e953d14c65f0c20
2019-08-01 00:11:43,841   사이트03 마그넷 검색 : 닥터 탐정.E05.190731.720p-NEXT / magnet:?xt=urn:btih:f8f4fcc58ae169dca8cdca7d1e7a373c4c7925d5
2019-08-01 00:11:52,837   Plex 스트리밍 : 2     다운속도 : 4000 KBps, 업속도 : 1000 KBps, 
2019-08-01 00:11:54,657   사이트03 마그넷 검색 : 시간을 달리는 게임 리와인드.E03.190731.720p-NEXT / magnet:?xt=urn:btih:2b56a256cf965c6e057d5ddd5491bba7aa0d533d
2019-08-01 00:12:05,511   사이트03 마그넷 검색 : 대한 외국인.E42.190731.720p-NEXT / magnet:?xt=urn:btih:aceadcfdef98e04c11bec0756db5b9561ef610aa
2019-08-01 00:12:16,436   사이트03 마그넷 검색 : 나는 자연인이다.E359.190731.720p-NEXT / magnet:?xt=urn:btih:cd77cf3013d26edbb09a7c6f78685a011f2dc4d1
2019-08-01 00:12:47,877   사이트04 연결 실패
2019-08-01 00:12:48,188   사이트05 연결 실패
2019-08-01 00:12:49,521   사이트06 연결 성공
2019-08-01 00:12:52,845   Plex 스트리밍 : 2     다운속도 : 4000 KBps, 업속도 : 1000 KBps, 
2019-08-01 00:12:53,100   사이트07 연결 성공
2019-08-01 00:12:53,354   사이트07 드라마 1페이지 신규 토렌트 : 닥터 탐정.E05.190731.720p NEXT
2019-08-01 00:12:53,454   사이트07 드라마 1페이지 신규 토렌트 : 저스티스 9 10회 합본.E05.190731.720p NEXT
2019-08-01 00:12:53,554   사이트07 드라마 1페이지 신규 토렌트 : 시간을 달리는 게임 리와인드.E03.190731.720p NEXT
2019-08-01 00:13:05,192   사이트07 예능   1페이지 신규 토렌트 : 대한 외국인.E42.190731.720p NEXT
2019-08-01 00:13:15,576   사이트07 TV     1페이지 신규 토렌트 : 나는 자연인이다.E359.190731.720p NEXT.mp4
2019-08-01 00:13:25,981   사이트07 마그넷 검색 : 시간을 달리는 게임 리와인드.E03.190731.720p NEXT / magnet:?xt=urn:btih:2b56a256cf965c6e057d5ddd5491bba7aa0d533d
2019-08-01 00:13:36,282   사이트07 마그넷 검색 : 닥터 탐정.E05.190731.720p NEXT / magnet:?xt=urn:btih:f8f4fcc58ae169dca8cdca7d1e7a373c4c7925d5
2019-08-01 00:13:46,506   사이트07 마그넷 검색 : 저스티스 9 10회 합본.E05.190731.720p NEXT / magnet:?xt=urn:btih:e3f306ebfc2f1cfc5f4c38f90e953d14c65f0c20
2019-08-01 00:13:52,909   Plex 스트리밍 : 2     다운속도 : 4000 KBps, 업속도 : 1000 KBps, 
2019-08-01 00:13:56,756   사이트07 마그넷 검색 : 대한 외국인.E42.190731.720p NEXT / magnet:?xt=urn:btih:aceadcfdef98e04c11bec0756db5b9561ef610aa
2019-08-01 00:14:07,007   사이트07 마그넷 검색 : 나는 자연인이다.E359.190731.720p NEXT.mp4 / magnet:?xt=urn:btih:cd77cf3013d26edbb09a7c6f78685a011f2dc4d1
2019-08-01 00:14:17,008   ---------- 사이트 검색 완료
2019-08-01 00:14:17,831   ---------- 트랜스미션 검색(0/33)
2019-08-01 00:14:17,850   토렌트 없음 : 60일, 지정생존자 E09 720P 190729 - 방영일 지남
2019-08-01 00:14:17,850   토렌트 없음 : 60일, 지정생존자 E10 720P 190730 - 방영일 지남
2019-08-01 00:14:17,851   토렌트 없음 : WATCHER(왓쳐) E07 720P 190727 - 방영일 지남
2019-08-01 00:14:17,852   토렌트 없음 : WATCHER(왓쳐) E08 720P 190728 - 방영일 지남
2019-08-01 00:14:17,852   토렌트 없음 : 닥터탐정 E06 720P 190801
2019-08-01 00:14:17,854   토렌트 없음 : 닥터탐정 E07 720P 190725 - 방영일 지남
2019-08-01 00:14:17,854   토렌트 없음 : 닥터탐정 E08 720P 190725 - 방영일 지남
2019-08-01 00:14:17,855   토렌트 없음 : 레벨업 E07 720P 190731 - 방영일 지남
2019-08-01 00:14:17,855   토렌트 없음 : 레벨업 E08 720P 190801
2019-08-01 00:14:17,856   토렌트 없음 : 미스터 기간제 E02 720P 190718 - 방영일 지남
2019-08-01 00:14:17,856   토렌트 없음 : 미스터 기간제 E05 720P 190731 - 방영일 지남
2019-08-01 00:14:17,857   토렌트 없음 : 미스터 기간제 E06 720P 190801
2019-08-01 00:14:17,857   토렌트 없음 : 신입사관 구해령 E11 720P 190801
2019-08-01 00:14:17,858   토렌트 없음 : 신입사관 구해령 E12 720P 190801
2019-08-01 00:14:17,858   토렌트 없음 : 악마가 너의 이름을 부를 때 E01 720P 190731 - 방영일 지남
2019-08-01 00:14:17,859   토렌트 없음 : 악마가 너의 이름을 부를 때 E02 720P 190801
2019-08-01 00:14:17,859   토렌트 없음 : 의사요한 E05 720P 190726 - 방영일 지남
2019-08-01 00:14:17,860   토렌트 없음 : 의사요한 E06 720P 190726 - 방영일 지남
2019-08-01 00:14:17,861   토렌트 없음 : 의사요한 E07 720P 190727 - 방영일 지남
2019-08-01 00:14:17,862   토렌트 없음 : 의사요한 E08 720P 190727 - 방영일 지남
2019-08-01 00:14:17,880   토렌트 없음 : 거리의 만찬 E32 720P 190705 - 방영일 지남
2019-08-01 00:14:17,880   토렌트 없음 : 거리의 만찬 E33 720P 190712 - 방영일 지남
2019-08-01 00:14:17,882   토렌트 없음 : 거리의 만찬 E34 720P 190719 - 방영일 지남
2019-08-01 00:14:17,882   토렌트 없음 : 나만 믿고 따라와 도시어부 E99 720P 190712 - 방영일 지남
2019-08-01 00:14:17,883   토렌트 없음 : 배틀트립 E149 720P 190720 - 방영일 지남
2019-08-01 00:14:17,883   토렌트 없음 : 배틀트립 E150 720P 190727 - 방영일 지남
2019-08-01 00:14:17,884   토렌트 없음 : 백종원의 골목식당 E77 720P 190731 - 방영일 지남
2019-08-01 00:14:17,884   토렌트 없음 : 불후의 명곡 전설을 노래하다 E412 720P 190720 - 방영일 지남
2019-08-01 00:14:17,885   토렌트 없음 : 불후의 명곡 전설을 노래하다 E413 720P 190727 - 방영일 지남
2019-08-01 00:14:17,887   토렌트 없음 : 씬의 퀴즈 E04 720P 190801
2019-08-01 00:14:17,887   토렌트 없음 : 한끼줍쇼 E137 720P 190731 - 방영일 지남
2019-08-01 00:14:17,888   토렌트 없음 : 해피투게더 E43 720P 190801
2019-08-01 00:14:17,888   토렌트 없음 : 호구의 연애 E17 720P 190714 - 방영일 지남
2019-08-01 00:14:17,889   ---------- 토렌트 매칭 완료 (0/33)
2019-08-01 00:14:17,891   ---------- 다운로드 (0/0)
2019-08-01 00:14:17,966   트랜스미션 상태 : 저스티스 9-10회 합본.E05.190731.720p-NEXT / 시딩중->중지 / 100%
2019-08-01 00:14:23,048   ---------- 상태확인 (1/1)
2019-08-01 00:14:23,051   토렌트파일명 변경 : 저스티스 9-10회 합본.E05.190731.720p-NEXT/저스티스 9-10회 합본.E05.190731.720p-NEXT.mp4 - 저스티스.S01E09-E10.190731.720P
2019-08-01 00:14:23,056   파일경로 변경 : 저스티스 9-10회 합본.E05.190731.720p-NEXT - D:\토렌트 다운\드라마\한국
2019-08-01 00:14:23,147   ---------- 파일처리 (1/1)
2019-08-01 00:14:23,150   트랜스미션 삭제 완료 : 저스티스 9-10회 합본.E05.190731.720p-NEXT
2019-08-01 00:14:23,264   ---------- 토렌트삭제 (1/1)
2019-08-01 00:14:24,102   ########## 프로세스 실행중 - 10분후(2019-08-01 00:24:24) 재시작
2019-08-01 00:14:24,103   메모리 사용량 : 74 Mbytes / 135 Mbytes (2720 MBytes)
2019-08-01 00:14:52,913   Plex 스트리밍 : 2     다운속도 : 4000 KBps, 업속도 : 1000 KBps, 
2019-08-01 00:15:52,917   Plex 스트리밍 : 2     다운속도 : 4000 KBps, 업속도 : 1000 KBps, 
2019-08-01 00:16:52,922   Plex 스트리밍 : 2     다운속도 : 4000 KBps, 업속도 : 1000 KBps, 
2019-08-01 00:17:52,926   Plex 스트리밍 : 2     다운속도 : 4000 KBps, 업속도 : 1000 KBps, 
2019-08-01 00:18:52,931   Plex 스트리밍 : 2     다운속도 : 4000 KBps, 업속도 : 1000 KBps, 
2019-08-01 00:19:52,935   Plex 스트리밍 : 2     다운속도 : 4000 KBps, 업속도 : 1000 KBps, 
2019-08-01 00:20:52,939   Plex 스트리밍 : 2     다운속도 : 4000 KBps, 업속도 : 1000 KBps, 
2019-08-01 00:21:52,944   Plex 스트리밍 : 1     다운속도 : 5000 KBps, 업속도 : 1000 KBps, 
2019-08-01 00:22:52,949   Plex 스트리밍 : 1     다운속도 : 5000 KBps, 업속도 : 1000 KBps, 
2019-08-01 00:23:52,954   Plex 스트리밍 : 1     다운속도 : 5000 KBps, 업속도 : 1000 KBps, 
2019-08-01 00:24:24,254   프로세스 시작
2019-08-01 00:24:24,995   사이트01 연결 실패
2019-08-01 00:24:25,786   사이트03 연결 성공
2019-08-01 00:24:50,079   사이트04 연결 실패
2019-08-01 00:24:50,421   사이트05 연결 실패
2019-08-01 00:24:51,705   사이트06 연결 성공
2019-08-01 00:24:52,958   Plex 스트리밍 : 1     다운속도 : 5000 KBps, 업속도 : 1000 KBps, 
2019-08-01 00:24:55,244   사이트07 연결 성공
2019-08-01 00:24:55,735   ---------- 사이트 검색 완료
2019-08-01 00:24:56,627   ---------- 트랜스미션 검색(0/33)
2019-08-01 00:24:56,645   토렌트 없음 : 60일, 지정생존자 E09 720P 190729 - 방영일 지남
2019-08-01 00:24:56,645   토렌트 없음 : 60일, 지정생존자 E10 720P 190730 - 방영일 지남
2019-08-01 00:24:56,646   토렌트 없음 : WATCHER(왓쳐) E07 720P 190727 - 방영일 지남
2019-08-01 00:24:56,646   토렌트 없음 : WATCHER(왓쳐) E08 720P 190728 - 방영일 지남
2019-08-01 00:24:56,647   토렌트 없음 : 닥터탐정 E06 720P 190801
2019-08-01 00:24:56,648   토렌트 없음 : 닥터탐정 E07 720P 190725 - 방영일 지남
2019-08-01 00:24:56,649   토렌트 없음 : 닥터탐정 E08 720P 190725 - 방영일 지남
2019-08-01 00:24:56,649   토렌트 없음 : 레벨업 E07 720P 190731 - 방영일 지남
2019-08-01 00:24:56,650   토렌트 없음 : 레벨업 E08 720P 190801
2019-08-01 00:24:56,650   토렌트 없음 : 미스터 기간제 E02 720P 190718 - 방영일 지남
2019-08-01 00:24:56,651   토렌트 없음 : 미스터 기간제 E05 720P 190731 - 방영일 지남
2019-08-01 00:24:56,651   토렌트 없음 : 미스터 기간제 E06 720P 190801
2019-08-01 00:24:56,652   토렌트 없음 : 신입사관 구해령 E11 720P 190801
2019-08-01 00:24:56,652   토렌트 없음 : 신입사관 구해령 E12 720P 190801
2019-08-01 00:24:56,652   토렌트 없음 : 악마가 너의 이름을 부를 때 E01 720P 190731 - 방영일 지남
2019-08-01 00:24:56,653   토렌트 없음 : 악마가 너의 이름을 부를 때 E02 720P 190801
2019-08-01 00:24:56,654   토렌트 없음 : 의사요한 E05 720P 190726 - 방영일 지남
2019-08-01 00:24:56,655   토렌트 없음 : 의사요한 E06 720P 190726 - 방영일 지남
2019-08-01 00:24:56,655   토렌트 없음 : 의사요한 E07 720P 190727 - 방영일 지남
2019-08-01 00:24:56,656   토렌트 없음 : 의사요한 E08 720P 190727 - 방영일 지남
2019-08-01 00:24:56,673   토렌트 없음 : 거리의 만찬 E32 720P 190705 - 방영일 지남
2019-08-01 00:24:56,673   토렌트 없음 : 거리의 만찬 E33 720P 190712 - 방영일 지남
2019-08-01 00:24:56,675   토렌트 없음 : 거리의 만찬 E34 720P 190719 - 방영일 지남
2019-08-01 00:24:56,675   토렌트 없음 : 나만 믿고 따라와 도시어부 E99 720P 190712 - 방영일 지남
2019-08-01 00:24:56,676   토렌트 없음 : 배틀트립 E149 720P 190720 - 방영일 지남
2019-08-01 00:24:56,676   토렌트 없음 : 배틀트립 E150 720P 190727 - 방영일 지남
2019-08-01 00:24:56,676   토렌트 없음 : 백종원의 골목식당 E77 720P 190731 - 방영일 지남
2019-08-01 00:24:56,677   토렌트 없음 : 불후의 명곡 전설을 노래하다 E412 720P 190720 - 방영일 지남
2019-08-01 00:24:56,677   토렌트 없음 : 불후의 명곡 전설을 노래하다 E413 720P 190727 - 방영일 지남
2019-08-01 00:24:56,678   토렌트 없음 : 씬의 퀴즈 E04 720P 190801
2019-08-01 00:24:56,678   토렌트 없음 : 한끼줍쇼 E137 720P 190731 - 방영일 지남
2019-08-01 00:24:56,679   토렌트 없음 : 해피투게더 E43 720P 190801
2019-08-01 00:24:56,679   토렌트 없음 : 호구의 연애 E17 720P 190714 - 방영일 지남
2019-08-01 00:24:56,680   ---------- 토렌트 매칭 완료 (0/33)
2019-08-01 00:24:56,682   ---------- 다운로드 (0/0)
2019-08-01 00:24:56,684   ---------- 상태확인 (0/0)
2019-08-01 00:24:56,685   ---------- 파일처리 (0/0)
2019-08-01 00:24:56,687   ---------- 토렌트삭제 (0/0)
2019-08-01 00:24:57,580   ########## 프로세스 실행중 - 10분후(2019-08-01 00:34:57) 재시작
2019-08-01 00:24:57,580   메모리 사용량 : 77 Mbytes / 134 Mbytes (2720 MBytes)
2019-08-01 00:25:52,963   Plex 스트리밍 : 1     다운속도 : 5000 KBps, 업속도 : 1000 KBps, 
2019-08-01 00:26:52,970   Plex 스트리밍 : 1     다운속도 : 5000 KBps, 업속도 : 1000 KBps, 
2019-08-01 00:27:52,976   Plex 스트리밍 : 1     다운속도 : 5000 KBps, 업속도 : 1000 KBps, 
2019-08-01 00:28:52,981   Plex 스트리밍 : 1     다운속도 : 5000 KBps, 업속도 : 1000 KBps, 
2019-08-01 00:29:52,987   Plex 스트리밍 : 1     다운속도 : 5000 KBps, 업속도 : 1000 KBps, 
2019-08-01 00:30:52,993   Plex 스트리밍 : 1     다운속도 : 5000 KBps, 업속도 : 1000 KBps, 
2019-08-01 00:31:52,997   Plex 스트리밍 : 1     다운속도 : 5000 KBps, 업속도 : 1000 KBps, 
2019-08-01 00:32:53,001   Plex 스트리밍 : 1     다운속도 : 5000 KBps, 업속도 : 1000 KBps, 
2019-08-01 00:33:53,005   Plex 스트리밍 : 1     다운속도 : 5000 KBps, 업속도 : 1000 KBps, 
2019-08-01 00:34:53,009   Plex 스트리밍 : 1     다운속도 : 5000 KBps, 업속도 : 1000 KBps, 
2019-08-01 00:34:57,714   프로세스 시작
2019-08-01 00:34:58,427   사이트01 연결 실패
2019-08-01 00:34:59,245   사이트03 연결 성공
2019-08-01 00:35:23,794   사이트04 연결 실패
2019-08-01 00:35:24,318   사이트05 연결 실패
2019-08-01 00:35:25,761   사이트06 연결 성공
2019-08-01 00:35:29,388   사이트07 연결 성공
2019-08-01 00:35:29,788   ---------- 사이트 검색 완료
2019-08-01 00:35:30,639   ---------- 트랜스미션 검색(0/33)
2019-08-01 00:35:30,658   토렌트 없음 : 60일, 지정생존자 E09 720P 190729 - 방영일 지남
2019-08-01 00:35:30,658   토렌트 없음 : 60일, 지정생존자 E10 720P 190730 - 방영일 지남
2019-08-01 00:35:30,658   토렌트 없음 : WATCHER(왓쳐) E07 720P 190727 - 방영일 지남
2019-08-01 00:35:30,659   토렌트 없음 : WATCHER(왓쳐) E08 720P 190728 - 방영일 지남
2019-08-01 00:35:30,660   토렌트 없음 : 닥터탐정 E06 720P 190801
2019-08-01 00:35:30,661   토렌트 없음 : 닥터탐정 E07 720P 190725 - 방영일 지남
2019-08-01 00:35:30,661   토렌트 없음 : 닥터탐정 E08 720P 190725 - 방영일 지남
2019-08-01 00:35:30,662   토렌트 없음 : 레벨업 E07 720P 190731 - 방영일 지남
2019-08-01 00:35:30,662   토렌트 없음 : 레벨업 E08 720P 190801
2019-08-01 00:35:30,663   토렌트 없음 : 미스터 기간제 E02 720P 190718 - 방영일 지남
2019-08-01 00:35:30,664   토렌트 없음 : 미스터 기간제 E05 720P 190731 - 방영일 지남
2019-08-01 00:35:30,664   토렌트 없음 : 미스터 기간제 E06 720P 190801
2019-08-01 00:35:30,665   토렌트 없음 : 신입사관 구해령 E11 720P 190801
2019-08-01 00:35:30,665   토렌트 없음 : 신입사관 구해령 E12 720P 190801
2019-08-01 00:35:30,666   토렌트 없음 : 악마가 너의 이름을 부를 때 E01 720P 190731 - 방영일 지남
2019-08-01 00:35:30,666   토렌트 없음 : 악마가 너의 이름을 부를 때 E02 720P 190801
2019-08-01 00:35:30,667   토렌트 없음 : 의사요한 E05 720P 190726 - 방영일 지남
2019-08-01 00:35:30,667   토렌트 없음 : 의사요한 E06 720P 190726 - 방영일 지남
2019-08-01 00:35:30,668   토렌트 없음 : 의사요한 E07 720P 190727 - 방영일 지남
2019-08-01 00:35:30,668   토렌트 없음 : 의사요한 E08 720P 190727 - 방영일 지남
2019-08-01 00:35:30,686   토렌트 없음 : 거리의 만찬 E32 720P 190705 - 방영일 지남
2019-08-01 00:35:30,686   토렌트 없음 : 거리의 만찬 E33 720P 190712 - 방영일 지남
2019-08-01 00:35:30,687   토렌트 없음 : 거리의 만찬 E34 720P 190719 - 방영일 지남
2019-08-01 00:35:30,687   토렌트 없음 : 나만 믿고 따라와 도시어부 E99 720P 190712 - 방영일 지남
2019-08-01 00:35:30,687   토렌트 없음 : 배틀트립 E149 720P 190720 - 방영일 지남
2019-08-01 00:35:30,688   토렌트 없음 : 배틀트립 E150 720P 190727 - 방영일 지남
2019-08-01 00:35:30,690   토렌트 없음 : 백종원의 골목식당 E77 720P 190731 - 방영일 지남
2019-08-01 00:35:30,690   토렌트 없음 : 불후의 명곡 전설을 노래하다 E412 720P 190720 - 방영일 지남
2019-08-01 00:35:30,690   토렌트 없음 : 불후의 명곡 전설을 노래하다 E413 720P 190727 - 방영일 지남
2019-08-01 00:35:30,691   토렌트 없음 : 씬의 퀴즈 E04 720P 190801
2019-08-01 00:35:30,691   토렌트 없음 : 한끼줍쇼 E137 720P 190731 - 방영일 지남
2019-08-01 00:35:30,692   토렌트 없음 : 해피투게더 E43 720P 190801
2019-08-01 00:35:30,692   토렌트 없음 : 호구의 연애 E17 720P 190714 - 방영일 지남
2019-08-01 00:35:30,693   ---------- 토렌트 매칭 완료 (0/33)
2019-08-01 00:35:30,695   ---------- 다운로드 (0/0)
2019-08-01 00:35:30,696   ---------- 상태확인 (0/0)
2019-08-01 00:35:30,699   ---------- 파일처리 (0/0)
2019-08-01 00:35:30,701   ---------- 토렌트삭제 (0/0)
2019-08-01 00:35:31,585   ########## 프로세스 실행중 - 10분후(2019-08-01 00:45:31) 재시작
2019-08-01 00:35:31,585   메모리 사용량 : 80 Mbytes / 134 Mbytes (2720 MBytes)
2019-08-01 00:35:53,013   Plex 스트리밍 : 1     다운속도 : 5000 KBps, 업속도 : 1000 KBps, 
2019-08-01 00:36:53,017   Plex 스트리밍 : 1     다운속도 : 5000 KBps, 업속도 : 1000 KBps, 
2019-08-01 00:37:53,021   Plex 스트리밍 : 1     다운속도 : 5000 KBps, 업속도 : 1000 KBps, 
2019-08-01 00:38:53,026   Plex 스트리밍 : 1     다운속도 : 5000 KBps, 업속도 : 1000 KBps, 
2019-08-01 00:39:53,033   Plex 스트리밍 : 1     다운속도 : 5000 KBps, 업속도 : 1000 KBps, 
2019-08-01 00:40:53,037   Plex 스트리밍 : 1     다운속도 : 5000 KBps, 업속도 : 1000 KBps, 
2019-08-01 00:41:53,043   Plex 스트리밍 : 1     다운속도 : 5000 KBps, 업속도 : 1000 KBps, 
2019-08-01 00:42:53,047   Plex 스트리밍 : 1     다운속도 : 5000 KBps, 업속도 : 1000 KBps, 
2019-08-01 00:43:53,055   Plex 스트리밍 : 1     다운속도 : 5000 KBps, 업속도 : 1000 KBps, 
2019-08-01 00:44:53,060   Plex 스트리밍 : 1     다운속도 : 5000 KBps, 업속도 : 1000 KBps, 
2019-08-01 00:45:31,712   프로세스 시작
2019-08-01 00:45:32,172   사이트01 연결 실패
2019-08-01 00:45:32,932   사이트03 연결 성공
2019-08-01 00:45:53,064   Plex 스트리밍 : 1     다운속도 : 5000 KBps, 업속도 : 1000 KBps, 
2019-08-01 00:45:58,090   사이트04 연결 실패
2019-08-01 00:45:58,675   사이트05 연결 실패
2019-08-01 00:45:59,985   사이트06 연결 성공
2019-08-01 00:46:08,399   사이트07 연결 성공
2019-08-01 00:46:08,814   ---------- 사이트 검색 완료
2019-08-01 00:46:09,677   ---------- 트랜스미션 검색(0/33)
2019-08-01 00:46:09,695   토렌트 없음 : 60일, 지정생존자 E09 720P 190729 - 방영일 지남
2019-08-01 00:46:09,695   토렌트 없음 : 60일, 지정생존자 E10 720P 190730 - 방영일 지남
2019-08-01 00:46:09,695   토렌트 없음 : WATCHER(왓쳐) E07 720P 190727 - 방영일 지남
2019-08-01 00:46:09,696   토렌트 없음 : WATCHER(왓쳐) E08 720P 190728 - 방영일 지남
2019-08-01 00:46:09,699   토렌트 없음 : 닥터탐정 E06 720P 190801
2019-08-01 00:46:09,699   토렌트 없음 : 닥터탐정 E07 720P 190725 - 방영일 지남
2019-08-01 00:46:09,700   토렌트 없음 : 닥터탐정 E08 720P 190725 - 방영일 지남
2019-08-01 00:46:09,700   토렌트 없음 : 레벨업 E07 720P 190731 - 방영일 지남
2019-08-01 00:46:09,701   토렌트 없음 : 레벨업 E08 720P 190801
2019-08-01 00:46:09,701   토렌트 없음 : 미스터 기간제 E02 720P 190718 - 방영일 지남
2019-08-01 00:46:09,702   토렌트 없음 : 미스터 기간제 E05 720P 190731 - 방영일 지남
2019-08-01 00:46:09,702   토렌트 없음 : 미스터 기간제 E06 720P 190801
2019-08-01 00:46:09,703   토렌트 없음 : 신입사관 구해령 E11 720P 190801
2019-08-01 00:46:09,703   토렌트 없음 : 신입사관 구해령 E12 720P 190801
2019-08-01 00:46:09,703   토렌트 없음 : 악마가 너의 이름을 부를 때 E01 720P 190731 - 방영일 지남
2019-08-01 00:46:09,704   토렌트 없음 : 악마가 너의 이름을 부를 때 E02 720P 190801
2019-08-01 00:46:09,704   토렌트 없음 : 의사요한 E05 720P 190726 - 방영일 지남
2019-08-01 00:46:09,705   토렌트 없음 : 의사요한 E06 720P 190726 - 방영일 지남
2019-08-01 00:46:09,705   토렌트 없음 : 의사요한 E07 720P 190727 - 방영일 지남
2019-08-01 00:46:09,706   토렌트 없음 : 의사요한 E08 720P 190727 - 방영일 지남
2019-08-01 00:46:09,726   토렌트 없음 : 거리의 만찬 E32 720P 190705 - 방영일 지남
2019-08-01 00:46:09,726   토렌트 없음 : 거리의 만찬 E33 720P 190712 - 방영일 지남
2019-08-01 00:46:09,728   토렌트 없음 : 거리의 만찬 E34 720P 190719 - 방영일 지남
2019-08-01 00:46:09,728   토렌트 없음 : 나만 믿고 따라와 도시어부 E99 720P 190712 - 방영일 지남
2019-08-01 00:46:09,730   토렌트 없음 : 배틀트립 E149 720P 190720 - 방영일 지남
2019-08-01 00:46:09,731   토렌트 없음 : 배틀트립 E150 720P 190727 - 방영일 지남
2019-08-01 00:46:09,732   토렌트 없음 : 백종원의 골목식당 E77 720P 190731 - 방영일 지남
2019-08-01 00:46:09,732   토렌트 없음 : 불후의 명곡 전설을 노래하다 E412 720P 190720 - 방영일 지남
2019-08-01 00:46:09,733   토렌트 없음 : 불후의 명곡 전설을 노래하다 E413 720P 190727 - 방영일 지남
2019-08-01 00:46:09,733   토렌트 없음 : 씬의 퀴즈 E04 720P 190801
2019-08-01 00:46:09,733   토렌트 없음 : 한끼줍쇼 E137 720P 190731 - 방영일 지남
2019-08-01 00:46:09,734   토렌트 없음 : 해피투게더 E43 720P 190801
2019-08-01 00:46:09,734   토렌트 없음 : 호구의 연애 E17 720P 190714 - 방영일 지남
2019-08-01 00:46:09,735   ---------- 토렌트 매칭 완료 (0/33)
2019-08-01 00:46:09,737   ---------- 다운로드 (0/0)
2019-08-01 00:46:09,738   ---------- 상태확인 (0/0)
2019-08-01 00:46:09,740   ---------- 파일처리 (0/0)
2019-08-01 00:46:09,742   ---------- 토렌트삭제 (0/0)
2019-08-01 00:46:10,597   ########## 프로세스 실행중 - 10분후(2019-08-01 00:56:10) 재시작
2019-08-01 00:46:10,598   메모리 사용량 : 86 Mbytes / 134 Mbytes (2720 MBytes)
2019-08-01 00:46:53,068   Plex 스트리밍 : 1     다운속도 : 5000 KBps, 업속도 : 1000 KBps, 
2019-08-01 00:47:53,076   Plex 스트리밍 : 1     다운속도 : 5000 KBps, 업속도 : 1000 KBps, 
2019-08-01 00:48:53,080   Plex 스트리밍 : 1     다운속도 : 5000 KBps, 업속도 : 1000 KBps, 
2019-08-01 00:49:53,085   Plex 스트리밍 : 1     다운속도 : 5000 KBps, 업속도 : 1000 KBps, 
2019-08-01 00:50:53,091   Plex 스트리밍 : 1     다운속도 : 5000 KBps, 업속도 : 1000 KBps, 
2019-08-01 00:51:53,096   Plex 스트리밍 : 1     다운속도 : 5000 KBps, 업속도 : 1000 KBps, 
2019-08-01 00:52:53,101   Plex 스트리밍 : 1     다운속도 : 5000 KBps, 업속도 : 1000 KBps, 
2019-08-01 00:53:53,106   Plex 스트리밍 : 1     다운속도 : 5000 KBps, 업속도 : 1000 KBps, 
2019-08-01 00:54:53,111   Plex 스트리밍 : 1     다운속도 : 5000 KBps, 업속도 : 1000 KBps, 
2019-08-01 00:55:53,116   Plex 스트리밍 : 1     다운속도 : 5000 KBps, 업속도 : 1000 KBps, 
2019-08-01 00:56:10,816   프로세스 시작
2019-08-01 00:56:11,546   사이트01 연결 실패
2019-08-01 00:56:12,503   사이트03 연결 성공
2019-08-01 00:56:13,382   사이트03 드라마 1페이지 신규 토렌트 : 악마가 너의 이름을 부를때.E01.190731.720p-NEXT
2019-08-01 00:56:13,478   사이트03 드라마 1페이지 신규 토렌트 : 미스터 기간제.E05.190731.720p-NEXT
2019-08-01 00:56:13,574   사이트03 드라마 1페이지 신규 토렌트 : MBN 수목드라마 레벨업.E07.190731.720p-NEXT
2019-08-01 00:56:27,533   사이트03 마그넷 검색 : 미스터 기간제.E05.190731.720p-NEXT / magnet:?xt=urn:btih:1f02aa6af8aee93e624f2e04ef986a98fbf743f3
2019-08-01 00:56:38,325   사이트03 마그넷 검색 : MBN 수목드라마 레벨업.E07.190731.720p-NEXT / magnet:?xt=urn:btih:4a6460d8b5d4cf77bafd934eecbb562e37496148
2019-08-01 00:56:49,275   사이트03 마그넷 검색 : 악마가 너의 이름을 부를때.E01.190731.720p-NEXT / magnet:?xt=urn:btih:90a802fedb87da144510320037186a2b68342792
2019-08-01 00:56:53,120   Plex 스트리밍 : 1     다운속도 : 5000 KBps, 업속도 : 1000 KBps, 
2019-08-01 00:57:20,846   사이트04 연결 실패
2019-08-01 00:57:21,369   사이트05 연결 실패
2019-08-01 00:57:22,353   사이트06 연결 성공
2019-08-01 00:57:23,528   사이트06 드라마 1페이지 신규 토렌트 : 악마가 너의 이름을 부를때.E01.190731.720p-NEXT
2019-08-01 00:57:23,660   사이트06 드라마 1페이지 신규 토렌트 : MBN 수목드라마 레벨업.E07.190731.720p-NEXT
2019-08-01 00:57:23,759   사이트06 드라마 1페이지 신규 토렌트 : 미스터 기간제.E05.190731.720p-NEXT
2019-08-01 00:57:38,144   사이트06 마그넷 검색 : 미스터 기간제.E05.190731.720p-NEXT / magnet:?xt=urn:btih:1f02aa6af8aee93e624f2e04ef986a98fbf743f3
2019-08-01 00:57:48,810   사이트06 마그넷 검색 : 악마가 너의 이름을 부를때.E01.190731.720p-NEXT / magnet:?xt=urn:btih:90a802fedb87da144510320037186a2b68342792
2019-08-01 00:57:53,125   Plex 스트리밍 : 1     다운속도 : 5000 KBps, 업속도 : 1000 KBps, 
2019-08-01 00:57:59,502   사이트06 마그넷 검색 : MBN 수목드라마 레벨업.E07.190731.720p-NEXT / magnet:?xt=urn:btih:4a6460d8b5d4cf77bafd934eecbb562e37496148
2019-08-01 00:58:10,088   사이트07 연결 성공
2019-08-01 00:58:10,510   ---------- 사이트 검색 완료
2019-08-01 00:58:11,343   ---------- 트랜스미션 검색(0/33)
2019-08-01 00:58:11,362   토렌트 없음 : 60일, 지정생존자 E09 720P 190729 - 방영일 지남
2019-08-01 00:58:11,362   토렌트 없음 : 60일, 지정생존자 E10 720P 190730 - 방영일 지남
2019-08-01 00:58:11,364   토렌트 없음 : WATCHER(왓쳐) E07 720P 190727 - 방영일 지남
2019-08-01 00:58:11,364   토렌트 없음 : WATCHER(왓쳐) E08 720P 190728 - 방영일 지남
2019-08-01 00:58:11,365   토렌트 없음 : 닥터탐정 E06 720P 190801
2019-08-01 00:58:11,365   토렌트 없음 : 닥터탐정 E07 720P 190725 - 방영일 지남
2019-08-01 00:58:11,366   토렌트 없음 : 닥터탐정 E08 720P 190725 - 방영일 지남
2019-08-01 00:58:11,366   발견 : 레벨업 E07 720P 190731 - MBN 수목드라마 레벨업.E07.190731.720p-NEXT
2019-08-01 00:58:11,530   토렌트 없음 : 레벨업 E08 720P 190801
2019-08-01 00:58:11,531   토렌트 없음 : 미스터 기간제 E02 720P 190718 - 방영일 지남
2019-08-01 00:58:11,532   발견 : 미스터 기간제 E05 720P 190731 - 미스터 기간제.E05.190731.720p-NEXT
2019-08-01 00:58:11,696   토렌트 없음 : 미스터 기간제 E06 720P 190801
2019-08-01 00:58:11,696   토렌트 없음 : 신입사관 구해령 E11 720P 190801
2019-08-01 00:58:11,697   토렌트 없음 : 신입사관 구해령 E12 720P 190801
2019-08-01 00:58:11,698   발견 : 악마가 너의 이름을 부를 때 E01 720P 190731 - 악마가 너의 이름을 부를때.E01.190731.720p-NEXT
2019-08-01 00:58:11,853   토렌트 없음 : 악마가 너의 이름을 부를 때 E02 720P 190801
2019-08-01 00:58:11,853   토렌트 없음 : 의사요한 E05 720P 190726 - 방영일 지남
2019-08-01 00:58:11,855   토렌트 없음 : 의사요한 E06 720P 190726 - 방영일 지남
2019-08-01 00:58:11,855   토렌트 없음 : 의사요한 E07 720P 190727 - 방영일 지남
2019-08-01 00:58:11,856   토렌트 없음 : 의사요한 E08 720P 190727 - 방영일 지남
2019-08-01 00:58:11,874   토렌트 없음 : 거리의 만찬 E32 720P 190705 - 방영일 지남
2019-08-01 00:58:11,874   토렌트 없음 : 거리의 만찬 E33 720P 190712 - 방영일 지남
2019-08-01 00:58:11,875   토렌트 없음 : 거리의 만찬 E34 720P 190719 - 방영일 지남
2019-08-01 00:58:11,876   토렌트 없음 : 나만 믿고 따라와 도시어부 E99 720P 190712 - 방영일 지남
2019-08-01 00:58:11,876   토렌트 없음 : 배틀트립 E149 720P 190720 - 방영일 지남
2019-08-01 00:58:11,877   토렌트 없음 : 배틀트립 E150 720P 190727 - 방영일 지남
2019-08-01 00:58:11,878   토렌트 없음 : 백종원의 골목식당 E77 720P 190731 - 방영일 지남
2019-08-01 00:58:11,878   토렌트 없음 : 불후의 명곡 전설을 노래하다 E412 720P 190720 - 방영일 지남
2019-08-01 00:58:11,879   토렌트 없음 : 불후의 명곡 전설을 노래하다 E413 720P 190727 - 방영일 지남
2019-08-01 00:58:11,879   토렌트 없음 : 씬의 퀴즈 E04 720P 190801
2019-08-01 00:58:11,880   토렌트 없음 : 한끼줍쇼 E137 720P 190731 - 방영일 지남
2019-08-01 00:58:11,880   토렌트 없음 : 해피투게더 E43 720P 190801
2019-08-01 00:58:11,881   토렌트 없음 : 호구의 연애 E17 720P 190714 - 방영일 지남
2019-08-01 00:58:11,881   ---------- 토렌트 매칭 완료 (3/33)
2019-08-01 00:58:11,890   다운로드 시작 - MBN 수목드라마 레벨업.E07.190731.720p-NEXT
2019-08-01 00:58:11,998   다운로드 시작 - 미스터 기간제.E05.190731.720p-NEXT
2019-08-01 00:58:12,100   다운로드 시작 - 악마가 너의 이름을 부를때.E01.190731.720p-NEXT
2019-08-01 00:58:12,202   ---------- 다운로드 (3/3)
2019-08-01 00:58:12,203   트랜스미션 상태 : MBN 수목드라마 레벨업.E07.190731.720p-NEXT / 다운로드중 / 0%
2019-08-01 00:58:12,204   트랜스미션 상태 : 미스터 기간제.E05.190731.720p-NEXT / 다운로드중 / 0%
2019-08-01 00:58:12,204   트랜스미션 상태 : 악마가 너의 이름을 부를때.E01.190731.720p-NEXT / 다운로드중 / 0%
2019-08-01 00:58:12,206   ---------- 상태확인 (0/3)
2019-08-01 00:58:12,208   ---------- 파일처리 (0/0)
2019-08-01 00:58:12,211   ---------- 토렌트삭제 (0/0)
2019-08-01 00:58:13,117   ########## 프로세스 실행중 - 10분후(2019-08-01 01:08:13) 재시작
2019-08-01 00:58:13,117   메모리 사용량 : 74 Mbytes / 133 Mbytes (2720 MBytes)
2019-08-01 00:58:53,131   Plex 스트리밍 : 1     다운속도 : 5000 KBps, 업속도 : 1000 KBps, 
2019-08-01 00:59:53,136   Plex 스트리밍 : 1     다운속도 : 5000 KBps, 업속도 : 1000 KBps, 
2019-08-01 01:00:53,141   Plex 스트리밍 : 1     다운속도 : 5000 KBps, 업속도 : 1000 KBps, 
2019-08-01 01:01:53,147   Plex 스트리밍 : 1     다운속도 : 5000 KBps, 업속도 : 1000 KBps, 
2019-08-01 01:02:53,152   Plex 스트리밍 : 1     다운속도 : 5000 KBps, 업속도 : 1000 KBps, 
2019-08-01 01:03:53,156   Plex 스트리밍 : 1     다운속도 : 5000 KBps, 업속도 : 1000 KBps, 
2019-08-01 01:04:53,161   Plex 스트리밍 : 1     다운속도 : 5000 KBps, 업속도 : 1000 KBps, 
2019-08-01 01:05:53,249   Plex 스트리밍 : 1     다운속도 : 5000 KBps, 업속도 : 1000 KBps, 
2019-08-01 01:06:53,254   Plex 스트리밍 : 1     다운속도 : 5000 KBps, 업속도 : 1000 KBps, 
2019-08-01 01:07:53,259   Plex 스트리밍 : 1     다운속도 : 5000 KBps, 업속도 : 1000 KBps, 
2019-08-01 01:08:13,448   프로세스 시작
2019-08-01 01:08:13,932   사이트01 연결 실패
2019-08-01 01:08:14,699   사이트03 연결 성공
2019-08-01 01:08:30,542   사이트04 연결 실패
2019-08-01 01:08:31,146   사이트05 연결 실패
2019-08-01 01:08:32,539   사이트06 연결 성공
2019-08-01 01:08:35,722   사이트07 연결 성공
2019-08-01 01:08:36,131   ---------- 사이트 검색 완료
2019-08-01 01:08:37,145   ---------- 트랜스미션 검색(0/30)
2019-08-01 01:08:37,162   토렌트 없음 : 60일, 지정생존자 E09 720P 190729 - 방영일 지남
2019-08-01 01:08:37,162   토렌트 없음 : 60일, 지정생존자 E10 720P 190730 - 방영일 지남
2019-08-01 01:08:37,164   토렌트 없음 : WATCHER(왓쳐) E07 720P 190727 - 방영일 지남
2019-08-01 01:08:37,166   토렌트 없음 : WATCHER(왓쳐) E08 720P 190728 - 방영일 지남
2019-08-01 01:08:37,167   토렌트 없음 : 닥터탐정 E06 720P 190801
2019-08-01 01:08:37,169   토렌트 없음 : 닥터탐정 E07 720P 190725 - 방영일 지남
2019-08-01 01:08:37,171   토렌트 없음 : 닥터탐정 E08 720P 190725 - 방영일 지남
2019-08-01 01:08:37,173   토렌트 없음 : 레벨업 E08 720P 190801
2019-08-01 01:08:37,174   토렌트 없음 : 미스터 기간제 E02 720P 190718 - 방영일 지남
2019-08-01 01:08:37,177   토렌트 없음 : 미스터 기간제 E06 720P 190801
2019-08-01 01:08:37,178   토렌트 없음 : 신입사관 구해령 E11 720P 190801
2019-08-01 01:08:37,180   토렌트 없음 : 신입사관 구해령 E12 720P 190801
2019-08-01 01:08:37,181   토렌트 없음 : 악마가 너의 이름을 부를 때 E02 720P 190801
2019-08-01 01:08:37,182   토렌트 없음 : 의사요한 E05 720P 190726 - 방영일 지남
2019-08-01 01:08:37,184   토렌트 없음 : 의사요한 E06 720P 190726 - 방영일 지남
2019-08-01 01:08:37,186   토렌트 없음 : 의사요한 E07 720P 190727 - 방영일 지남
2019-08-01 01:08:37,188   토렌트 없음 : 의사요한 E08 720P 190727 - 방영일 지남
2019-08-01 01:08:37,210   토렌트 없음 : 거리의 만찬 E32 720P 190705 - 방영일 지남
2019-08-01 01:08:37,210   토렌트 없음 : 거리의 만찬 E33 720P 190712 - 방영일 지남
2019-08-01 01:08:37,212   토렌트 없음 : 거리의 만찬 E34 720P 190719 - 방영일 지남
2019-08-01 01:08:37,212   토렌트 없음 : 나만 믿고 따라와 도시어부 E99 720P 190712 - 방영일 지남
2019-08-01 01:08:37,212   토렌트 없음 : 배틀트립 E149 720P 190720 - 방영일 지남
2019-08-01 01:08:37,213   토렌트 없음 : 배틀트립 E150 720P 190727 - 방영일 지남
2019-08-01 01:08:37,214   토렌트 없음 : 백종원의 골목식당 E77 720P 190731 - 방영일 지남
2019-08-01 01:08:37,214   토렌트 없음 : 불후의 명곡 전설을 노래하다 E412 720P 190720 - 방영일 지남
2019-08-01 01:08:37,215   토렌트 없음 : 불후의 명곡 전설을 노래하다 E413 720P 190727 - 방영일 지남
2019-08-01 01:08:37,215   토렌트 없음 : 씬의 퀴즈 E04 720P 190801
2019-08-01 01:08:37,216   토렌트 없음 : 한끼줍쇼 E137 720P 190731 - 방영일 지남
2019-08-01 01:08:37,216   토렌트 없음 : 해피투게더 E43 720P 190801
2019-08-01 01:08:37,217   토렌트 없음 : 호구의 연애 E17 720P 190714 - 방영일 지남
2019-08-01 01:08:37,218   ---------- 토렌트 매칭 완료 (0/30)
2019-08-01 01:08:37,220   ---------- 다운로드 (0/0)
2019-08-01 01:08:37,222   트랜스미션 상태 : MBN 수목드라마 레벨업.E07.190731.720p-NEXT / 다운로드중 / 65%
2019-08-01 01:08:37,222   트랜스미션 상태 : 미스터 기간제.E05.190731.720p-NEXT / 다운로드중 / 48%
2019-08-01 01:08:37,223   트랜스미션 상태 : 악마가 너의 이름을 부를때.E01.190731.720p-NEXT / 다운로드중 / 66%
2019-08-01 01:08:37,224   ---------- 상태확인 (0/3)
2019-08-01 01:08:37,226   ---------- 파일처리 (0/0)
2019-08-01 01:08:37,228   ---------- 토렌트삭제 (0/0)
2019-08-01 01:08:38,051   ########## 프로세스 실행중 - 60분후(2019-08-01 02:08:38) 재시작
2019-08-01 01:08:38,051   메모리 사용량 : 83 Mbytes / 133 Mbytes (2720 MBytes)
2019-08-01 01:08:53,264   Plex 스트리밍 : 1     다운속도 : 5000 KBps, 업속도 : 1000 KBps, 
2019-08-01 01:09:53,269   Plex 스트리밍 : 1     다운속도 : 5000 KBps, 업속도 : 1000 KBps, 
2019-08-01 01:10:53,280   Plex 스트리밍 : 1     다운속도 : 5000 KBps, 업속도 : 1000 KBps, 
2019-08-01 01:11:53,395   Plex 스트리밍 : 1     다운속도 : 5000 KBps, 업속도 : 1000 KBps, 
2019-08-01 01:12:53,433   Plex 스트리밍 : 1     다운속도 : 5000 KBps, 업속도 : 1000 KBps, 
2019-08-01 01:13:53,442   Plex 스트리밍 : 1     다운속도 : 5000 KBps, 업속도 : 1000 KBps, 
2019-08-01 01:14:53,447   Plex 스트리밍 : 1     다운속도 : 5000 KBps, 업속도 : 1000 KBps, 
2019-08-01 01:15:53,453   Plex 스트리밍 : 1     다운속도 : 5000 KBps, 업속도 : 1000 KBps, 
2019-08-01 01:16:53,460   Plex 스트리밍 : 1     다운속도 : 5000 KBps, 업속도 : 1000 KBps, 
2019-08-01 01:17:53,465   Plex 스트리밍 : 1     다운속도 : 5000 KBps, 업속도 : 1000 KBps, 
2019-08-01 01:18:53,470   Plex 스트리밍 : 1     다운속도 : 5000 KBps, 업속도 : 1000 KBps, 
2019-08-01 01:19:53,475   Plex 스트리밍 : 1     다운속도 : 5000 KBps, 업속도 : 1000 KBps, 
2019-08-01 01:20:53,482   Plex 스트리밍 : 1     다운속도 : 5000 KBps, 업속도 : 1000 KBps, 
2019-08-01 01:21:53,486   Plex 스트리밍 : 1     다운속도 : 5000 KBps, 업속도 : 1000 KBps, 
2019-08-01 01:22:53,508   Plex 스트리밍 : 1     다운속도 : 5000 KBps, 업속도 : 1000 KBps, 
2019-08-01 01:23:53,512   Plex 스트리밍 : 1     다운속도 : 5000 KBps, 업속도 : 1000 KBps, 
2019-08-01 01:24:53,518   Plex 스트리밍 : 1     다운속도 : 5000 KBps, 업속도 : 1000 KBps, 
2019-08-01 01:25:53,525   Plex 스트리밍 : 1     다운속도 : 5000 KBps, 업속도 : 1000 KBps, 
2019-08-01 01:26:53,589   Plex 스트리밍 : 1     다운속도 : 5000 KBps, 업속도 : 1000 KBps, 
2019-08-01 01:27:53,593   Plex 스트리밍 : 1     다운속도 : 5000 KBps, 업속도 : 1000 KBps, 
2019-08-01 01:28:53,657   Plex 스트리밍 : 1     다운속도 : 5000 KBps, 업속도 : 1000 KBps, 
2019-08-01 01:29:53,784   Plex 스트리밍 : 1     다운속도 : 5000 KBps, 업속도 : 1000 KBps, 
2019-08-01 01:30:53,789   Plex 스트리밍 : 1     다운속도 : 5000 KBps, 업속도 : 1000 KBps, 
2019-08-01 01:31:53,794   Plex 스트리밍 : 1     다운속도 : 5000 KBps, 업속도 : 1000 KBps, 
2019-08-01 01:32:53,826   Plex 스트리밍 : 1     다운속도 : 5000 KBps, 업속도 : 1000 KBps, 
2019-08-01 01:33:53,877   Plex 스트리밍 : 1     다운속도 : 5000 KBps, 업속도 : 1000 KBps, 
2019-08-01 01:34:53,903   Plex 스트리밍 : 1     다운속도 : 5000 KBps, 업속도 : 1000 KBps, 
2019-08-01 01:35:53,995   Plex 스트리밍 : 1     다운속도 : 5000 KBps, 업속도 : 1000 KBps, 
2019-08-01 01:36:54,103   Plex 스트리밍 : 1     다운속도 : 5000 KBps, 업속도 : 1000 KBps, 
2019-08-01 01:37:54,111   Plex 스트리밍 : 1     다운속도 : 5000 KBps, 업속도 : 1000 KBps, 
2019-08-01 01:38:54,115   Plex 스트리밍 : 1     다운속도 : 5000 KBps, 업속도 : 1000 KBps, 
2019-08-01 01:39:54,228   Plex 스트리밍 : 1     다운속도 : 5000 KBps, 업속도 : 1000 KBps, 
2019-08-01 01:40:54,234   Plex 스트리밍 : 1     다운속도 : 5000 KBps, 업속도 : 1000 KBps, 
2019-08-01 01:41:54,239   Plex 스트리밍 : 1     다운속도 : 5000 KBps, 업속도 : 1000 KBps, 
2019-08-01 01:42:54,244   Plex 스트리밍 : 1     다운속도 : 5000 KBps, 업속도 : 1000 KBps, 
2019-08-01 01:43:54,248   Plex 스트리밍 : 1     다운속도 : 5000 KBps, 업속도 : 1000 KBps, 
2019-08-01 01:44:54,313   Plex 스트리밍 : 1     다운속도 : 5000 KBps, 업속도 : 1000 KBps, 
2019-08-01 01:45:54,407   Plex 스트리밍 : 1     다운속도 : 5000 KBps, 업속도 : 1000 KBps, 
2019-08-01 01:46:54,413   Plex 스트리밍 : 1     다운속도 : 5000 KBps, 업속도 : 1000 KBps, 
2019-08-01 01:47:54,418   Plex 스트리밍 : 1     다운속도 : 5000 KBps, 업속도 : 1000 KBps, 
2019-08-01 02:05:57,766   Plex 스트리밍 : 1     다운속도 : 5000 KBps, 업속도 : 1000 KBps, 
2019-08-01 02:06:58,738   Plex 스트리밍 : 1     다운속도 : 5000 KBps, 업속도 : 1000 KBps, 
2019-08-01 02:07:59,252   Plex 스트리밍 : 1     다운속도 : 5000 KBps, 업속도 : 1000 KBps, 
2019-08-01 02:08:38,183   프로세스 시작
2019-08-01 02:08:38,647   사이트01 연결 실패
2019-08-01 02:08:39,469   사이트03 연결 성공
2019-08-01 02:08:40,953   사이트03 드라마 1페이지 신규 토렌트 : 악마가 너의 이름을 부를때.E01.190731.720p-NEXT
2019-08-01 02:08:41,052   사이트03 드라마 1페이지 신규 토렌트 : MBN 수목드라마 레벨업.E07.190731.720p-NEXT
2019-08-01 02:08:41,161   사이트03 드라마 1페이지 신규 토렌트 : 미스터 기간제.E05.190731.720p NEXT
2019-08-01 02:08:53,003   사이트03 예능   1페이지 신규 토렌트 : 라디오스타.E628.190731.720p-NEXT
2019-08-01 02:08:53,091   사이트03 예능   1페이지 신규 토렌트 : 한끼줍쇼.E137.190731.720p-NEXT
2019-08-01 02:08:53,186   사이트03 예능   1페이지 신규 토렌트 : 여름특집 백종원의 골목식당.E77.190731.720p-NEXT
2019-08-01 02:08:53,270   사이트03 예능   1페이지 신규 토렌트 : 한끼줍쇼.E137.190731.720p-NEXT
2019-08-01 02:08:53,370   사이트03 예능   1페이지 신규 토렌트 : 여름특집 백종원의 골목식당.E77.190731.720p-NEXT
2019-08-01 02:08:53,457   사이트03 예능   1페이지 신규 토렌트 : 라디오스타.E628.190731.720p-NEXT
2019-08-01 02:08:53,553   사이트03 예능   1페이지 신규 토렌트 : 썸바이벌 11.E05.190731.720p-NEXT
2019-08-01 02:08:59,676   Plex 스트리밍 : 1     다운속도 : 5000 KBps, 업속도 : 1000 KBps, 
2019-08-01 02:09:05,133   사이트03 TV     1페이지 신규 토렌트 : 글로벌 아빠 찾아 삼만리.E144.190729.450p
2019-08-01 02:09:05,224   사이트03 TV     1페이지 신규 토렌트 : 차이나는 클라스.E119.190731.720p-NEXT
2019-08-01 02:09:17,570   사이트03 마그넷 검색 : 미스터 기간제.E05.190731.720p NEXT / magnet:?xt=urn:btih:1f02aa6af8aee93e624f2e04ef986a98fbf743f3
2019-08-01 02:09:28,413   사이트03 마그넷 검색 : 악마가 너의 이름을 부를때.E01.190731.720p-NEXT / magnet:?xt=urn:btih:90a802fedb87da144510320037186a2b68342792
2019-08-01 02:09:39,179   사이트03 마그넷 검색 : MBN 수목드라마 레벨업.E07.190731.720p-NEXT / magnet:?xt=urn:btih:4a6460d8b5d4cf77bafd934eecbb562e37496148
2019-08-01 02:09:49,930   사이트03 마그넷 검색 : 라디오스타.E628.190731.720p-NEXT / magnet:?xt=urn:btih:e54968d346ada772113121b0812eede95911e827
2019-08-01 02:10:00,705   사이트03 마그넷 검색 : 한끼줍쇼.E137.190731.720p-NEXT / magnet:?xt=urn:btih:c241c298dbc1c1965c928c030ddd1772eba72e88
2019-08-01 02:10:11,489   사이트03 마그넷 검색 : 썸바이벌 11.E05.190731.720p-NEXT / magnet:?xt=urn:btih:da9386cae59c3fea97d429a379a70888b5f6ad30
2019-08-01 02:10:22,331   사이트03 마그넷 검색 : 여름특집 백종원의 골목식당.E77.190731.720p-NEXT / magnet:?xt=urn:btih:aaed96bfcc6ba10be77aa084b38f0eaa72fec61c
2019-08-01 02:10:33,065   사이트03 마그넷 검색 : 여름특집 백종원의 골목식당.E77.190731.720p-NEXT / magnet:?xt=urn:btih:aaed96bfcc6ba10be77aa084b38f0eaa72fec61c
2019-08-01 02:10:43,991   사이트03 마그넷 검색 : 라디오스타.E628.190731.720p-NEXT / magnet:?xt=urn:btih:e54968d346ada772113121b0812eede95911e827
2019-08-01 02:10:54,732   사이트03 마그넷 검색 : 한끼줍쇼.E137.190731.720p-NEXT / magnet:?xt=urn:btih:c241c298dbc1c1965c928c030ddd1772eba72e88
2019-08-01 02:11:05,732   사이트03 마그넷 검색 : 글로벌 아빠 찾아 삼만리.E144.190729.450p / magnet:?xt=urn:btih:7510bab2aff94be013790d82eca535b2359799c7
2019-08-01 02:11:16,533   사이트03 마그넷 검색 : 차이나는 클라스.E119.190731.720p-NEXT / magnet:?xt=urn:btih:2e62d46792e60943b2b06d4e1e0fc66770988c51
2019-08-01 02:11:47,751   사이트04 연결 실패
2019-08-01 02:11:48,064   사이트05 연결 실패
2019-08-01 02:11:48,958   사이트06 연결 성공
2019-08-01 02:11:51,409   사이트06 예능   1페이지 신규 토렌트 : 라디오스타.E628.190731.720p-NEXT
2019-08-01 02:11:51,484   사이트06 예능   1페이지 신규 토렌트 : 여름특집 백종원의 골목식당.E77.190731.720p-NEXT
2019-08-01 02:11:51,576   사이트06 예능   1페이지 신규 토렌트 : 한끼줍쇼.E137.190731.720p-NEXT
2019-08-01 02:12:03,893   사이트06 TV     1페이지 신규 토렌트 : 차이나는 클라스.E119.190731.720p-NEXT
2019-08-01 02:12:03,984   사이트06 TV     1페이지 신규 토렌트 : 글로벌 아빠 찾아 삼만리.E144.190729.450p
2019-08-01 02:12:16,168   사이트06 마그넷 검색 : 라디오스타.E628.190731.720p-NEXT / magnet:?xt=urn:btih:e54968d346ada772113121b0812eede95911e827
2019-08-01 02:12:27,952   사이트06 마그넷 검색 : 한끼줍쇼.E137.190731.720p-NEXT / magnet:?xt=urn:btih:c241c298dbc1c1965c928c030ddd1772eba72e88
2019-08-01 02:12:39,057   사이트06 마그넷 검색 : 여름특집 백종원의 골목식당.E77.190731.720p-NEXT / magnet:?xt=urn:btih:aaed96bfcc6ba10be77aa084b38f0eaa72fec61c
2019-08-01 02:12:50,128   사이트06 마그넷 검색 : 차이나는 클라스.E119.190731.720p-NEXT / magnet:?xt=urn:btih:2e62d46792e60943b2b06d4e1e0fc66770988c51
2019-08-01 02:13:01,328   사이트06 마그넷 검색 : 글로벌 아빠 찾아 삼만리.E144.190729.450p / magnet:?xt=urn:btih:7510bab2aff94be013790d82eca535b2359799c7
2019-08-01 02:13:11,711   사이트07 연결 성공
2019-08-01 02:13:11,958   사이트07 드라마 1페이지 신규 토렌트 : 악마가 너의 이름을 부를때.E01.190731.720p NEXT
2019-08-01 02:13:12,054   사이트07 드라마 1페이지 신규 토렌트 : MBN 수목드라마 레벨업.E07.190731.720p NEXT
2019-08-01 02:13:12,141   사이트07 드라마 1페이지 신규 토렌트 : 미스터 기간제.E05.190731.720p NEXT
2019-08-01 02:13:22,513   사이트07 예능   1페이지 신규 토렌트 : 한끼줍쇼.E137.190731.720p NEXT
2019-08-01 02:13:22,599   사이트07 예능   1페이지 신규 토렌트 : 여름특집 백종원의 골목식당.E77.190731.720p NEXT
2019-08-01 02:13:22,687   사이트07 예능   1페이지 신규 토렌트 : 썸바이벌 11.E05.190731.720p NEXT.mp4
2019-08-01 02:13:33,112   사이트07 TV     1페이지 신규 토렌트 : 글로벌 아빠 찾아 삼만리.E144.190729.450p.mp4
2019-08-01 02:13:33,192   사이트07 TV     1페이지 신규 토렌트 : 차이나는 클라스.E119.190731.720p NEXT.mp4
2019-08-01 02:13:43,538   사이트07 마그넷 검색 : MBN 수목드라마 레벨업.E07.190731.720p NEXT / magnet:?xt=urn:btih:4a6460d8b5d4cf77bafd934eecbb562e37496148
2019-08-01 02:13:53,738   사이트07 마그넷 검색 : 악마가 너의 이름을 부를때.E01.190731.720p NEXT / magnet:?xt=urn:btih:90a802fedb87da144510320037186a2b68342792
2019-08-01 02:14:03,938   사이트07 마그넷 검색 : 미스터 기간제.E05.190731.720p NEXT / magnet:?xt=urn:btih:1f02aa6af8aee93e624f2e04ef986a98fbf743f3
2019-08-01 02:14:14,155   사이트07 마그넷 검색 : 여름특집 백종원의 골목식당.E77.190731.720p NEXT / magnet:?xt=urn:btih:aaed96bfcc6ba10be77aa084b38f0eaa72fec61c
2019-08-01 02:14:24,356   사이트07 마그넷 검색 : 한끼줍쇼.E137.190731.720p NEXT / magnet:?xt=urn:btih:c241c298dbc1c1965c928c030ddd1772eba72e88
2019-08-01 02:14:34,556   사이트07 마그넷 검색 : 썸바이벌 11.E05.190731.720p NEXT.mp4 / magnet:?xt=urn:btih:da9386cae59c3fea97d429a379a70888b5f6ad30
2019-08-01 02:14:44,756   사이트07 마그넷 검색 : 차이나는 클라스.E119.190731.720p NEXT.mp4 / magnet:?xt=urn:btih:2e62d46792e60943b2b06d4e1e0fc66770988c51
2019-08-01 02:14:54,965   사이트07 마그넷 검색 : 글로벌 아빠 찾아 삼만리.E144.190729.450p.mp4 / magnet:?xt=urn:btih:7510bab2aff94be013790d82eca535b2359799c7
2019-08-01 02:15:04,966   ---------- 사이트 검색 완료
2019-08-01 02:15:17,664   ---------- 트랜스미션 검색(0/30)
2019-08-01 02:15:17,684   토렌트 없음 : 60일, 지정생존자 E09 720P 190729 - 방영일 지남
2019-08-01 02:15:17,684   토렌트 없음 : 60일, 지정생존자 E10 720P 190730 - 방영일 지남
2019-08-01 02:15:17,685   토렌트 없음 : WATCHER(왓쳐) E07 720P 190727 - 방영일 지남
2019-08-01 02:15:17,686   토렌트 없음 : WATCHER(왓쳐) E08 720P 190728 - 방영일 지남
2019-08-01 02:15:17,686   토렌트 없음 : 닥터탐정 E06 720P 190801
2019-08-01 02:15:17,687   토렌트 없음 : 닥터탐정 E07 720P 190725 - 방영일 지남
2019-08-01 02:15:17,688   토렌트 없음 : 닥터탐정 E08 720P 190725 - 방영일 지남
2019-08-01 02:15:17,689   토렌트 없음 : 레벨업 E08 720P 190801
2019-08-01 02:15:17,689   토렌트 없음 : 미스터 기간제 E02 720P 190718 - 방영일 지남
2019-08-01 02:15:17,690   토렌트 없음 : 미스터 기간제 E06 720P 190801
2019-08-01 02:15:17,690   토렌트 없음 : 신입사관 구해령 E11 720P 190801
2019-08-01 02:15:17,691   토렌트 없음 : 신입사관 구해령 E12 720P 190801
2019-08-01 02:15:17,691   토렌트 없음 : 악마가 너의 이름을 부를 때 E02 720P 190801
2019-08-01 02:15:17,692   토렌트 없음 : 의사요한 E05 720P 190726 - 방영일 지남
2019-08-01 02:15:17,692   토렌트 없음 : 의사요한 E06 720P 190726 - 방영일 지남
2019-08-01 02:15:17,693   토렌트 없음 : 의사요한 E07 720P 190727 - 방영일 지남
2019-08-01 02:15:17,693   토렌트 없음 : 의사요한 E08 720P 190727 - 방영일 지남
2019-08-01 02:15:17,750   토렌트 없음 : 거리의 만찬 E32 720P 190705 - 방영일 지남
2019-08-01 02:15:17,750   토렌트 없음 : 거리의 만찬 E33 720P 190712 - 방영일 지남
2019-08-01 02:15:17,752   토렌트 없음 : 거리의 만찬 E34 720P 190719 - 방영일 지남
2019-08-01 02:15:17,752   토렌트 없음 : 나만 믿고 따라와 도시어부 E99 720P 190712 - 방영일 지남
2019-08-01 02:15:17,753   토렌트 없음 : 배틀트립 E149 720P 190720 - 방영일 지남
2019-08-01 02:15:17,753   토렌트 없음 : 배틀트립 E150 720P 190727 - 방영일 지남
2019-08-01 02:15:17,754   발견 : 백종원의 골목식당 E77 720P 190731 - 여름특집 백종원의 골목식당.E77.190731.720p NEXT
2019-08-01 02:15:17,933   토렌트 없음 : 불후의 명곡 전설을 노래하다 E412 720P 190720 - 방영일 지남
2019-08-01 02:15:17,933   토렌트 없음 : 불후의 명곡 전설을 노래하다 E413 720P 190727 - 방영일 지남
2019-08-01 02:15:17,934   토렌트 없음 : 씬의 퀴즈 E04 720P 190801
2019-08-01 02:15:17,935   발견 : 한끼줍쇼 E137 720P 190731 - 한끼줍쇼.E137.190731.720p NEXT
2019-08-01 02:15:18,133   토렌트 없음 : 해피투게더 E43 720P 190801
2019-08-01 02:15:18,133   토렌트 없음 : 호구의 연애 E17 720P 190714 - 방영일 지남
2019-08-01 02:15:18,134   ---------- 토렌트 매칭 완료 (2/30)
2019-08-01 02:15:19,112   다운로드 시작 - 여름특집 백종원의 골목식당.E77.190731.720p NEXT
2019-08-01 02:15:19,200   다운로드 시작 - 한끼줍쇼.E137.190731.720p NEXT
2019-08-01 02:15:19,292   ---------- 다운로드 (2/2)
2019-08-01 02:15:22,825   트랜스미션 상태 : MBN 수목드라마 레벨업.E07.190731.720p-NEXT / 시딩중->중지 / 100%
2019-08-01 02:15:27,949   트랜스미션 상태 : 미스터 기간제.E05.190731.720p-NEXT / 시딩중->중지 / 100%
2019-08-01 02:15:33,023   트랜스미션 상태 : 악마가 너의 이름을 부를때.E01.190731.720p-NEXT / 시딩중->중지 / 100%
2019-08-01 02:15:38,114   트랜스미션 상태 : 여름특집 백종원의 골목식당.E77.190731.720p NEXT / 다운로드중 / 0%
2019-08-01 02:15:38,115   트랜스미션 상태 : 한끼줍쇼.E137.190731.720p NEXT / 다운로드중 / 0%
2019-08-01 02:15:38,116   ---------- 상태확인 (3/5)
2019-08-01 02:15:38,118   토렌트파일명 변경 : MBN 수목드라마 레벨업.E07.190731.720p-NEXT/MBN 수목드라마 레벨업.E07.190731.720p-NEXT.mp4 - 레벨업.S01E07.190731.720P
2019-08-01 02:15:38,124   파일경로 변경 : MBN 수목드라마 레벨업.E07.190731.720p-NEXT - D:\토렌트 다운\드라마\한국
2019-08-01 02:15:38,214   토렌트파일명 변경 : 미스터 기간제.E05.190731.720p-NEXT/미스터 기간제.E05.190731.720p-NEXT.mp4 - 미스터 기간제.S01E05.190731.720P
2019-08-01 02:15:38,220   파일경로 변경 : 미스터 기간제.E05.190731.720p-NEXT - D:\토렌트 다운\드라마\한국
2019-08-01 02:15:38,299   토렌트파일명 변경 : 악마가 너의 이름을 부를때.E01.190731.720p-NEXT/악마가 너의 이름을 부를때.E01.190731.720p-NEXT.mp4 - 악마가 너의 이름을 부를 때.S01E01.190731.720P
2019-08-01 02:15:38,305   파일경로 변경 : 악마가 너의 이름을 부를때.E01.190731.720p-NEXT - D:\토렌트 다운\드라마\한국
2019-08-01 02:15:38,413   ---------- 파일처리 (3/3)
2019-08-01 02:15:38,416   트랜스미션 삭제 완료 : MBN 수목드라마 레벨업.E07.190731.720p-NEXT
2019-08-01 02:15:38,515   트랜스미션 삭제 완료 : 미스터 기간제.E05.190731.720p-NEXT
2019-08-01 02:15:38,607   트랜스미션 삭제 완료 : 악마가 너의 이름을 부를때.E01.190731.720p-NEXT
2019-08-01 02:15:38,699   ---------- 토렌트삭제 (3/3)
2019-08-01 02:15:39,842   ########## 프로세스 실행중 - 60분후(2019-08-01 03:15:39) 재시작
2019-08-01 02:15:39,842   메모리 사용량 : 86 Mbytes / 130 Mbytes (2720 MBytes)
2019-08-01 02:16:08,619   Plex 스트리밍 : 1     다운속도 : 5000 KBps, 업속도 : 1000 KBps, 
2019-08-01 03:15:40,072   프로세스 시작
2019-08-01 03:15:40,534   사이트01 연결 실패
2019-08-01 03:15:41,385   사이트03 연결 성공
2019-08-01 03:15:43,118   사이트03 예능   1페이지 신규 토렌트 : 뭐든지 프렌즈.E03.190731.720p-NEXT
2019-08-01 03:15:55,523   사이트03 마그넷 검색 : 뭐든지 프렌즈.E03.190731.720p-NEXT / magnet:?xt=urn:btih:cfcb8c42b38df14d1a75cc57dc33b01a81023f25
2019-08-01 03:16:26,767   사이트04 연결 실패
2019-08-01 03:16:27,548   사이트05 연결 실패
2019-08-01 03:16:28,946   사이트06 연결 성공
2019-08-01 03:16:30,174   사이트06 드라마 1페이지 신규 토렌트 : 악마가 너의 이름을 부를 때.E01.1080p.HDTV.x265-0utlaw
2019-08-01 03:16:43,740   사이트06 예능   1페이지 신규 토렌트 : 뭐든지 프렌즈.E03.190731.720p-NEXT
2019-08-01 03:16:43,840   사이트06 예능   1페이지 신규 토렌트 : 썸바이벌 11.E05.190731.720p-NEXT
2019-08-01 03:16:56,090   사이트06 TV     1페이지 신규 토렌트 : 190731 글로벌24 1080p
2019-08-01 03:17:08,216   사이트06 마그넷 검색 : 악마가 너의 이름을 부를 때.E01.1080p.HDTV.x265-0utlaw / magnet:?xt=urn:btih:0f43abccc121b565e529759716fa4523a1bf2e50
2019-08-01 03:17:19,366   사이트06 마그넷 검색 : 뭐든지 프렌즈.E03.190731.720p-NEXT / magnet:?xt=urn:btih:cfcb8c42b38df14d1a75cc57dc33b01a81023f25
2019-08-01 03:17:30,492   사이트06 마그넷 검색 : 썸바이벌 11.E05.190731.720p-NEXT / magnet:?xt=urn:btih:da9386cae59c3fea97d429a379a70888b5f6ad30
2019-08-01 03:17:42,149   사이트06 마그넷 없음 : 190731 글로벌24 1080p
2019-08-01 03:17:52,604   사이트07 연결 성공
2019-08-01 03:17:53,002   사이트07 예능   1페이지 신규 토렌트 : 뭐든지 프렌즈.E03.190731.720p NEXT.mp4
2019-08-01 03:17:53,109   사이트07 예능   1페이지 신규 토렌트 : 라디오스타.E628.190731.720p NEXT
2019-08-01 03:18:03,970   사이트07 마그넷 검색 : 라디오스타.E628.190731.720p NEXT / magnet:?xt=urn:btih:e54968d346ada772113121b0812eede95911e827
2019-08-01 03:18:14,210   사이트07 마그넷 검색 : 뭐든지 프렌즈.E03.190731.720p NEXT.mp4 / magnet:?xt=urn:btih:cfcb8c42b38df14d1a75cc57dc33b01a81023f25
2019-08-01 03:18:24,236   ---------- 사이트 검색 완료
2019-08-01 03:18:25,311   ---------- 트랜스미션 검색(0/28)
2019-08-01 03:18:25,352   토렌트 없음 : 60일, 지정생존자 E09 720P 190729 - 방영일 지남
2019-08-01 03:18:25,352   토렌트 없음 : 60일, 지정생존자 E10 720P 190730 - 방영일 지남
2019-08-01 03:18:25,355   토렌트 없음 : WATCHER(왓쳐) E07 720P 190727 - 방영일 지남
2019-08-01 03:18:25,356   토렌트 없음 : WATCHER(왓쳐) E08 720P 190728 - 방영일 지남
2019-08-01 03:18:25,359   토렌트 없음 : 닥터탐정 E06 720P 190801
2019-08-01 03:18:25,361   토렌트 없음 : 닥터탐정 E07 720P 190725 - 방영일 지남
2019-08-01 03:18:25,363   토렌트 없음 : 닥터탐정 E08 720P 190725 - 방영일 지남
2019-08-01 03:18:25,365   토렌트 없음 : 레벨업 E08 720P 190801
2019-08-01 03:18:25,367   토렌트 없음 : 미스터 기간제 E02 720P 190718 - 방영일 지남
2019-08-01 03:18:25,369   토렌트 없음 : 미스터 기간제 E06 720P 190801
2019-08-01 03:18:25,371   토렌트 없음 : 신입사관 구해령 E11 720P 190801
2019-08-01 03:18:25,372   토렌트 없음 : 신입사관 구해령 E12 720P 190801
2019-08-01 03:18:25,374   토렌트 없음 : 악마가 너의 이름을 부를 때 E02 720P 190801
2019-08-01 03:18:25,377   토렌트 없음 : 의사요한 E05 720P 190726 - 방영일 지남
2019-08-01 03:18:25,378   토렌트 없음 : 의사요한 E06 720P 190726 - 방영일 지남
2019-08-01 03:18:25,380   토렌트 없음 : 의사요한 E07 720P 190727 - 방영일 지남
2019-08-01 03:18:25,381   토렌트 없음 : 의사요한 E08 720P 190727 - 방영일 지남
2019-08-01 03:18:25,424   토렌트 없음 : 거리의 만찬 E32 720P 190705 - 방영일 지남
2019-08-01 03:18:25,425   토렌트 없음 : 거리의 만찬 E33 720P 190712 - 방영일 지남
2019-08-01 03:18:25,427   토렌트 없음 : 거리의 만찬 E34 720P 190719 - 방영일 지남
2019-08-01 03:18:25,428   토렌트 없음 : 나만 믿고 따라와 도시어부 E99 720P 190712 - 방영일 지남
2019-08-01 03:18:25,428   토렌트 없음 : 배틀트립 E149 720P 190720 - 방영일 지남
2019-08-01 03:18:25,428   토렌트 없음 : 배틀트립 E150 720P 190727 - 방영일 지남
2019-08-01 03:18:25,429   토렌트 없음 : 불후의 명곡 전설을 노래하다 E412 720P 190720 - 방영일 지남
2019-08-01 03:18:25,430   토렌트 없음 : 불후의 명곡 전설을 노래하다 E413 720P 190727 - 방영일 지남
2019-08-01 03:18:25,430   토렌트 없음 : 씬의 퀴즈 E04 720P 190801
2019-08-01 03:18:25,431   토렌트 없음 : 해피투게더 E43 720P 190801
2019-08-01 03:18:25,431   토렌트 없음 : 호구의 연애 E17 720P 190714 - 방영일 지남
2019-08-01 03:18:25,432   ---------- 토렌트 매칭 완료 (0/28)
2019-08-01 03:18:25,435   ---------- 다운로드 (0/0)
2019-08-01 03:18:25,442   트랜스미션 상태 : 여름특집 백종원의 골목식당.E77.190731.720p NEXT / 시딩중->중지 / 100%
2019-08-01 03:18:30,561   트랜스미션 상태 : 한끼줍쇼.E137.190731.720p NEXT / 시딩중->중지 / 100%
2019-08-01 03:18:35,677   ---------- 상태확인 (2/2)
2019-08-01 03:18:35,681   토렌트파일명 변경 : 여름특집 백종원의 골목식당.E77.190731.720p-NEXT/여름특집 백종원의 골목식당.E77.190731.720p-NEXT.mp4 - 백종원의 골목식당.S01E77.190731.720P
2019-08-01 03:18:35,687   파일경로 변경 : 여름특집 백종원의 골목식당.E77.190731.720p NEXT - D:\토렌트 다운\예능\한국
2019-08-01 03:18:35,804   토렌트파일명 변경 : 한끼줍쇼.E137.190731.720p-NEXT/한끼줍쇼.E137.190731.720p-NEXT.mp4 - 한끼줍쇼.S01E137.190731.720P
2019-08-01 03:18:35,809   파일경로 변경 : 한끼줍쇼.E137.190731.720p NEXT - D:\토렌트 다운\예능\한국
2019-08-01 03:18:35,911   ---------- 파일처리 (2/2)
2019-08-01 03:18:35,915   트랜스미션 삭제 완료 : 여름특집 백종원의 골목식당.E77.190731.720p NEXT
2019-08-01 03:18:36,036   트랜스미션 삭제 완료 : 한끼줍쇼.E137.190731.720p NEXT
2019-08-01 03:18:36,136   ---------- 토렌트삭제 (2/2)
2019-08-01 03:18:37,379   ########## 프로세스 실행중 - 60분후(2019-08-01 04:18:37) 재시작
2019-08-01 03:18:37,379   메모리 사용량 : 85 Mbytes / 131 Mbytes (2720 MBytes)
2019-08-01 04:18:37,743   프로세스 시작
2019-08-01 04:18:38,219   사이트01 연결 실패
2019-08-01 04:18:38,932   사이트03 연결 성공
2019-08-01 04:18:39,888   사이트03 드라마 1페이지 신규 토렌트 : When.the.Devil.Calls.Your.Name.E01.1080p.HDTV.x265 0utlaw.mkv
2019-08-01 04:18:53,849   사이트03 마그넷 검색 : When.the.Devil.Calls.Your.Name.E01.1080p.HDTV.x265 0utlaw.mkv / magnet:?xt=urn:btih:0f43abccc121b565e529759716fa4523a1bf2e50
2019-08-01 04:19:25,090   사이트04 연결 실패
2019-08-01 04:19:25,699   사이트05 연결 실패
2019-08-01 04:19:27,468   사이트06 연결 성공
2019-08-01 04:19:31,036   사이트07 연결 성공
2019-08-01 04:19:31,284   사이트07 드라마 1페이지 신규 토렌트 : When.the.Devil.Calls.Your.Name.E01.1080p.HDTV.x265 0utlaw.mkv
2019-08-01 04:19:42,059   사이트07 마그넷 검색 : When.the.Devil.Calls.Your.Name.E01.1080p.HDTV.x265 0utlaw.mkv / magnet:?xt=urn:btih:0f43abccc121b565e529759716fa4523a1bf2e50
2019-08-01 04:19:52,062   ---------- 사이트 검색 완료
2019-08-01 04:19:53,082   ---------- 트랜스미션 검색(0/28)
2019-08-01 04:19:53,101   토렌트 없음 : 60일, 지정생존자 E09 720P 190729 - 방영일 지남
2019-08-01 04:19:53,101   토렌트 없음 : 60일, 지정생존자 E10 720P 190730 - 방영일 지남
2019-08-01 04:19:53,103   토렌트 없음 : WATCHER(왓쳐) E07 720P 190727 - 방영일 지남
2019-08-01 04:19:53,105   토렌트 없음 : WATCHER(왓쳐) E08 720P 190728 - 방영일 지남
2019-08-01 04:19:53,107   토렌트 없음 : 닥터탐정 E06 720P 190801
2019-08-01 04:19:53,108   토렌트 없음 : 닥터탐정 E07 720P 190725 - 방영일 지남
2019-08-01 04:19:53,111   토렌트 없음 : 닥터탐정 E08 720P 190725 - 방영일 지남
2019-08-01 04:19:53,116   토렌트 없음 : 레벨업 E08 720P 190801
2019-08-01 04:19:53,117   토렌트 없음 : 미스터 기간제 E02 720P 190718 - 방영일 지남
2019-08-01 04:19:53,119   토렌트 없음 : 미스터 기간제 E06 720P 190801
2019-08-01 04:19:53,121   토렌트 없음 : 신입사관 구해령 E11 720P 190801
2019-08-01 04:19:53,122   토렌트 없음 : 신입사관 구해령 E12 720P 190801
2019-08-01 04:19:53,124   토렌트 없음 : 악마가 너의 이름을 부를 때 E02 720P 190801
2019-08-01 04:19:53,125   토렌트 없음 : 의사요한 E05 720P 190726 - 방영일 지남
2019-08-01 04:19:53,126   토렌트 없음 : 의사요한 E06 720P 190726 - 방영일 지남
2019-08-01 04:19:53,126   토렌트 없음 : 의사요한 E07 720P 190727 - 방영일 지남
2019-08-01 04:19:53,130   토렌트 없음 : 의사요한 E08 720P 190727 - 방영일 지남
2019-08-01 04:19:53,183   토렌트 없음 : 거리의 만찬 E32 720P 190705 - 방영일 지남
2019-08-01 04:19:53,188   토렌트 없음 : 거리의 만찬 E33 720P 190712 - 방영일 지남
2019-08-01 04:19:53,188   토렌트 없음 : 거리의 만찬 E34 720P 190719 - 방영일 지남
2019-08-01 04:19:53,189   토렌트 없음 : 나만 믿고 따라와 도시어부 E99 720P 190712 - 방영일 지남
2019-08-01 04:19:53,189   토렌트 없음 : 배틀트립 E149 720P 190720 - 방영일 지남
2019-08-01 04:19:53,191   토렌트 없음 : 배틀트립 E150 720P 190727 - 방영일 지남
2019-08-01 04:19:53,196   토렌트 없음 : 불후의 명곡 전설을 노래하다 E412 720P 190720 - 방영일 지남
2019-08-01 04:19:53,196   토렌트 없음 : 불후의 명곡 전설을 노래하다 E413 720P 190727 - 방영일 지남
2019-08-01 04:19:53,198   토렌트 없음 : 씬의 퀴즈 E04 720P 190801
2019-08-01 04:19:53,200   토렌트 없음 : 해피투게더 E43 720P 190801
2019-08-01 04:19:53,201   토렌트 없음 : 호구의 연애 E17 720P 190714 - 방영일 지남
2019-08-01 04:19:53,203   ---------- 토렌트 매칭 완료 (0/28)
2019-08-01 04:19:53,221   ---------- 다운로드 (0/0)
2019-08-01 04:19:53,223   ---------- 상태확인 (0/0)
2019-08-01 04:19:53,225   ---------- 파일처리 (0/0)
2019-08-01 04:19:53,227   ---------- 토렌트삭제 (0/0)
2019-08-01 04:19:54,099   ########## 프로세스 실행중 - 60분후(2019-08-01 05:19:54) 재시작
2019-08-01 04:19:54,099   메모리 사용량 : 99 Mbytes / 130 Mbytes (2720 MBytes)
2019-08-01 05:19:54,400   프로세스 시작
2019-08-01 05:19:55,143   사이트01 연결 실패
2019-08-01 05:19:56,736   사이트03 연결 성공
2019-08-01 05:20:20,977   사이트04 연결 실패
2019-08-01 05:20:21,319   사이트05 연결 실패
2019-08-01 05:20:22,592   사이트06 연결 성공
2019-08-01 05:20:26,096   사이트07 연결 성공
2019-08-01 05:20:26,492   ---------- 사이트 검색 완료
2019-08-01 05:20:27,487   ---------- 트랜스미션 검색(0/28)
2019-08-01 05:20:27,504   토렌트 없음 : 60일, 지정생존자 E09 720P 190729 - 방영일 지남
2019-08-01 05:20:27,504   토렌트 없음 : 60일, 지정생존자 E10 720P 190730 - 방영일 지남
2019-08-01 05:20:27,505   토렌트 없음 : WATCHER(왓쳐) E07 720P 190727 - 방영일 지남
2019-08-01 05:20:27,506   토렌트 없음 : WATCHER(왓쳐) E08 720P 190728 - 방영일 지남
2019-08-01 05:20:27,508   토렌트 없음 : 닥터탐정 E06 720P 190801
2019-08-01 05:20:27,511   토렌트 없음 : 닥터탐정 E07 720P 190725 - 방영일 지남
2019-08-01 05:20:27,512   토렌트 없음 : 닥터탐정 E08 720P 190725 - 방영일 지남
2019-08-01 05:20:27,514   토렌트 없음 : 레벨업 E08 720P 190801
2019-08-01 05:20:27,515   토렌트 없음 : 미스터 기간제 E02 720P 190718 - 방영일 지남
2019-08-01 05:20:27,517   토렌트 없음 : 미스터 기간제 E06 720P 190801
2019-08-01 05:20:27,518   토렌트 없음 : 신입사관 구해령 E11 720P 190801
2019-08-01 05:20:27,520   토렌트 없음 : 신입사관 구해령 E12 720P 190801
2019-08-01 05:20:27,521   토렌트 없음 : 악마가 너의 이름을 부를 때 E02 720P 190801
2019-08-01 05:20:27,522   토렌트 없음 : 의사요한 E05 720P 190726 - 방영일 지남
2019-08-01 05:20:27,522   토렌트 없음 : 의사요한 E06 720P 190726 - 방영일 지남
2019-08-01 05:20:27,523   토렌트 없음 : 의사요한 E07 720P 190727 - 방영일 지남
2019-08-01 05:20:27,524   토렌트 없음 : 의사요한 E08 720P 190727 - 방영일 지남
2019-08-01 05:20:27,580   토렌트 없음 : 거리의 만찬 E32 720P 190705 - 방영일 지남
2019-08-01 05:20:27,581   토렌트 없음 : 거리의 만찬 E33 720P 190712 - 방영일 지남
2019-08-01 05:20:27,582   토렌트 없음 : 거리의 만찬 E34 720P 190719 - 방영일 지남
2019-08-01 05:20:27,583   토렌트 없음 : 나만 믿고 따라와 도시어부 E99 720P 190712 - 방영일 지남
2019-08-01 05:20:27,584   토렌트 없음 : 배틀트립 E149 720P 190720 - 방영일 지남
2019-08-01 05:20:27,585   토렌트 없음 : 배틀트립 E150 720P 190727 - 방영일 지남
2019-08-01 05:20:27,586   토렌트 없음 : 불후의 명곡 전설을 노래하다 E412 720P 190720 - 방영일 지남
2019-08-01 05:20:27,586   토렌트 없음 : 불후의 명곡 전설을 노래하다 E413 720P 190727 - 방영일 지남
2019-08-01 05:20:27,587   토렌트 없음 : 씬의 퀴즈 E04 720P 190801
2019-08-01 05:20:27,587   토렌트 없음 : 해피투게더 E43 720P 190801
2019-08-01 05:20:27,587   토렌트 없음 : 호구의 연애 E17 720P 190714 - 방영일 지남
2019-08-01 05:20:27,588   ---------- 토렌트 매칭 완료 (0/28)
2019-08-01 05:20:27,601   ---------- 다운로드 (0/0)
2019-08-01 05:20:27,603   ---------- 상태확인 (0/0)
2019-08-01 05:20:27,605   ---------- 파일처리 (0/0)
2019-08-01 05:20:27,607   ---------- 토렌트삭제 (0/0)
2019-08-01 05:20:28,607   ########## 프로세스 실행중 - 60분후(2019-08-01 06:20:28) 재시작
2019-08-01 05:20:28,607   메모리 사용량 : 104 Mbytes / 130 Mbytes (2720 MBytes)
2019-08-01 06:20:28,703   프로세스 시작
2019-08-01 06:20:29,443   사이트01 연결 실패
2019-08-01 06:20:30,218   사이트03 연결 성공
2019-08-01 06:20:54,275   사이트04 연결 실패
2019-08-01 06:20:54,577   사이트05 연결 실패
2019-08-01 06:20:55,958   사이트06 연결 성공
2019-08-01 06:20:59,353   사이트07 연결 성공
2019-08-01 06:20:59,751   ---------- 사이트 검색 완료
2019-08-01 06:21:00,624   ---------- 트랜스미션 검색(0/28)
2019-08-01 06:21:00,640   토렌트 없음 : 60일, 지정생존자 E09 720P 190729 - 방영일 지남
2019-08-01 06:21:00,641   토렌트 없음 : 60일, 지정생존자 E10 720P 190730 - 방영일 지남
2019-08-01 06:21:00,641   토렌트 없음 : WATCHER(왓쳐) E07 720P 190727 - 방영일 지남
2019-08-01 06:21:00,642   토렌트 없음 : WATCHER(왓쳐) E08 720P 190728 - 방영일 지남
2019-08-01 06:21:00,642   토렌트 없음 : 닥터탐정 E06 720P 190801
2019-08-01 06:21:00,643   토렌트 없음 : 닥터탐정 E07 720P 190725 - 방영일 지남
2019-08-01 06:21:00,644   토렌트 없음 : 닥터탐정 E08 720P 190725 - 방영일 지남
2019-08-01 06:21:00,645   토렌트 없음 : 레벨업 E08 720P 190801
2019-08-01 06:21:00,645   토렌트 없음 : 미스터 기간제 E02 720P 190718 - 방영일 지남
2019-08-01 06:21:00,646   토렌트 없음 : 미스터 기간제 E06 720P 190801
2019-08-01 06:21:00,646   토렌트 없음 : 신입사관 구해령 E11 720P 190801
2019-08-01 06:21:00,647   토렌트 없음 : 신입사관 구해령 E12 720P 190801
2019-08-01 06:21:00,647   토렌트 없음 : 악마가 너의 이름을 부를 때 E02 720P 190801
2019-08-01 06:21:00,648   토렌트 없음 : 의사요한 E05 720P 190726 - 방영일 지남
2019-08-01 06:21:00,648   토렌트 없음 : 의사요한 E06 720P 190726 - 방영일 지남
2019-08-01 06:21:00,649   토렌트 없음 : 의사요한 E07 720P 190727 - 방영일 지남
2019-08-01 06:21:00,649   토렌트 없음 : 의사요한 E08 720P 190727 - 방영일 지남
2019-08-01 06:21:00,665   토렌트 없음 : 거리의 만찬 E32 720P 190705 - 방영일 지남
2019-08-01 06:21:00,666   토렌트 없음 : 거리의 만찬 E33 720P 190712 - 방영일 지남
2019-08-01 06:21:00,667   토렌트 없음 : 거리의 만찬 E34 720P 190719 - 방영일 지남
2019-08-01 06:21:00,670   토렌트 없음 : 나만 믿고 따라와 도시어부 E99 720P 190712 - 방영일 지남
2019-08-01 06:21:00,670   토렌트 없음 : 배틀트립 E149 720P 190720 - 방영일 지남
2019-08-01 06:21:00,671   토렌트 없음 : 배틀트립 E150 720P 190727 - 방영일 지남
2019-08-01 06:21:00,671   토렌트 없음 : 불후의 명곡 전설을 노래하다 E412 720P 190720 - 방영일 지남
2019-08-01 06:21:00,671   토렌트 없음 : 불후의 명곡 전설을 노래하다 E413 720P 190727 - 방영일 지남
2019-08-01 06:21:00,672   토렌트 없음 : 씬의 퀴즈 E04 720P 190801
2019-08-01 06:21:00,672   토렌트 없음 : 해피투게더 E43 720P 190801
2019-08-01 06:21:00,673   토렌트 없음 : 호구의 연애 E17 720P 190714 - 방영일 지남
2019-08-01 06:21:00,673   ---------- 토렌트 매칭 완료 (0/28)
2019-08-01 06:21:00,675   ---------- 다운로드 (0/0)
2019-08-01 06:21:00,677   ---------- 상태확인 (0/0)
2019-08-01 06:21:00,679   ---------- 파일처리 (0/0)
2019-08-01 06:21:00,681   ---------- 토렌트삭제 (0/0)
2019-08-01 06:21:01,587   ########## 프로세스 실행중 - 60분후(2019-08-01 07:21:01) 재시작
2019-08-01 06:21:01,587   메모리 사용량 : 110 Mbytes / 130 Mbytes (2720 MBytes)
2019-08-01 07:21:01,876   프로세스 시작
2019-08-01 07:21:02,616   사이트01 연결 실패
2019-08-01 07:21:04,180   사이트03 연결 성공
2019-08-01 07:21:27,808   사이트04 연결 실패
2019-08-01 07:21:28,197   사이트05 연결 실패
2019-08-01 07:21:29,555   사이트06 연결 성공
2019-08-01 07:21:32,556   사이트07 연결 성공
2019-08-01 07:21:33,452   ---------- 사이트 검색 완료
2019-08-01 07:21:34,327   ---------- 트랜스미션 검색(0/28)
2019-08-01 07:21:34,343   토렌트 없음 : 60일, 지정생존자 E09 720P 190729 - 방영일 지남
2019-08-01 07:21:34,343   토렌트 없음 : 60일, 지정생존자 E10 720P 190730 - 방영일 지남
2019-08-01 07:21:34,344   토렌트 없음 : WATCHER(왓쳐) E07 720P 190727 - 방영일 지남
2019-08-01 07:21:34,344   토렌트 없음 : WATCHER(왓쳐) E08 720P 190728 - 방영일 지남
2019-08-01 07:21:34,347   토렌트 없음 : 닥터탐정 E06 720P 190801
2019-08-01 07:21:34,348   토렌트 없음 : 닥터탐정 E07 720P 190725 - 방영일 지남
2019-08-01 07:21:34,349   토렌트 없음 : 닥터탐정 E08 720P 190725 - 방영일 지남
2019-08-01 07:21:34,349   토렌트 없음 : 레벨업 E08 720P 190801
2019-08-01 07:21:34,350   토렌트 없음 : 미스터 기간제 E02 720P 190718 - 방영일 지남
2019-08-01 07:21:34,350   토렌트 없음 : 미스터 기간제 E06 720P 190801
2019-08-01 07:21:34,351   토렌트 없음 : 신입사관 구해령 E11 720P 190801
2019-08-01 07:21:34,351   토렌트 없음 : 신입사관 구해령 E12 720P 190801
2019-08-01 07:21:34,352   토렌트 없음 : 악마가 너의 이름을 부를 때 E02 720P 190801
2019-08-01 07:21:34,352   토렌트 없음 : 의사요한 E05 720P 190726 - 방영일 지남
2019-08-01 07:21:34,353   토렌트 없음 : 의사요한 E06 720P 190726 - 방영일 지남
2019-08-01 07:21:34,353   토렌트 없음 : 의사요한 E07 720P 190727 - 방영일 지남
2019-08-01 07:21:34,354   토렌트 없음 : 의사요한 E08 720P 190727 - 방영일 지남
2019-08-01 07:21:34,370   토렌트 없음 : 거리의 만찬 E32 720P 190705 - 방영일 지남
2019-08-01 07:21:34,370   토렌트 없음 : 거리의 만찬 E33 720P 190712 - 방영일 지남
2019-08-01 07:21:34,372   토렌트 없음 : 거리의 만찬 E34 720P 190719 - 방영일 지남
2019-08-01 07:21:34,372   토렌트 없음 : 나만 믿고 따라와 도시어부 E99 720P 190712 - 방영일 지남
2019-08-01 07:21:34,373   토렌트 없음 : 배틀트립 E149 720P 190720 - 방영일 지남
2019-08-01 07:21:34,373   토렌트 없음 : 배틀트립 E150 720P 190727 - 방영일 지남
2019-08-01 07:21:34,374   토렌트 없음 : 불후의 명곡 전설을 노래하다 E412 720P 190720 - 방영일 지남
2019-08-01 07:21:34,374   토렌트 없음 : 불후의 명곡 전설을 노래하다 E413 720P 190727 - 방영일 지남
2019-08-01 07:21:34,375   토렌트 없음 : 씬의 퀴즈 E04 720P 190801
2019-08-01 07:21:34,375   토렌트 없음 : 해피투게더 E43 720P 190801
2019-08-01 07:21:34,376   토렌트 없음 : 호구의 연애 E17 720P 190714 - 방영일 지남
2019-08-01 07:21:34,377   ---------- 토렌트 매칭 완료 (0/28)
2019-08-01 07:21:34,379   ---------- 다운로드 (0/0)
2019-08-01 07:21:34,380   ---------- 상태확인 (0/0)
2019-08-01 07:21:34,382   ---------- 파일처리 (0/0)
2019-08-01 07:21:34,384   ---------- 토렌트삭제 (0/0)
2019-08-01 07:21:35,298   ########## 프로세스 실행중 - 60분후(2019-08-01 08:21:35) 재시작
2019-08-01 07:21:35,298   메모리 사용량 : 117 Mbytes / 130 Mbytes (2720 MBytes)
2019-08-01 08:21:35,661   프로세스 시작
2019-08-01 08:21:36,157   사이트01 연결 실패
2019-08-01 08:21:36,990   사이트03 연결 성공
2019-08-01 08:22:00,456   사이트04 연결 실패
2019-08-01 08:22:01,046   사이트05 연결 실패
2019-08-01 08:22:02,622   사이트06 연결 성공
2019-08-01 08:22:06,226   사이트07 연결 성공
2019-08-01 08:22:06,624   ---------- 사이트 검색 완료
2019-08-01 08:22:07,498   ---------- 트랜스미션 검색(0/28)
2019-08-01 08:22:07,513   토렌트 없음 : 60일, 지정생존자 E09 720P 190729 - 방영일 지남
2019-08-01 08:22:07,514   토렌트 없음 : 60일, 지정생존자 E10 720P 190730 - 방영일 지남
2019-08-01 08:22:07,514   토렌트 없음 : WATCHER(왓쳐) E07 720P 190727 - 방영일 지남
2019-08-01 08:22:07,515   토렌트 없음 : WATCHER(왓쳐) E08 720P 190728 - 방영일 지남
2019-08-01 08:22:07,515   토렌트 없음 : 닥터탐정 E06 720P 190801
2019-08-01 08:22:07,516   토렌트 없음 : 닥터탐정 E07 720P 190725 - 방영일 지남
2019-08-01 08:22:07,519   토렌트 없음 : 닥터탐정 E08 720P 190725 - 방영일 지남
2019-08-01 08:22:07,519   토렌트 없음 : 레벨업 E08 720P 190801
2019-08-01 08:22:07,520   토렌트 없음 : 미스터 기간제 E02 720P 190718 - 방영일 지남
2019-08-01 08:22:07,520   토렌트 없음 : 미스터 기간제 E06 720P 190801
2019-08-01 08:22:07,521   토렌트 없음 : 신입사관 구해령 E11 720P 190801
2019-08-01 08:22:07,521   토렌트 없음 : 신입사관 구해령 E12 720P 190801
2019-08-01 08:22:07,522   토렌트 없음 : 악마가 너의 이름을 부를 때 E02 720P 190801
2019-08-01 08:22:07,522   토렌트 없음 : 의사요한 E05 720P 190726 - 방영일 지남
2019-08-01 08:22:07,523   토렌트 없음 : 의사요한 E06 720P 190726 - 방영일 지남
2019-08-01 08:22:07,523   토렌트 없음 : 의사요한 E07 720P 190727 - 방영일 지남
2019-08-01 08:22:07,523   토렌트 없음 : 의사요한 E08 720P 190727 - 방영일 지남
2019-08-01 08:22:07,538   토렌트 없음 : 거리의 만찬 E32 720P 190705 - 방영일 지남
2019-08-01 08:22:07,539   토렌트 없음 : 거리의 만찬 E33 720P 190712 - 방영일 지남
2019-08-01 08:22:07,540   토렌트 없음 : 거리의 만찬 E34 720P 190719 - 방영일 지남
2019-08-01 08:22:07,540   토렌트 없음 : 나만 믿고 따라와 도시어부 E99 720P 190712 - 방영일 지남
2019-08-01 08:22:07,541   토렌트 없음 : 배틀트립 E149 720P 190720 - 방영일 지남
2019-08-01 08:22:07,541   토렌트 없음 : 배틀트립 E150 720P 190727 - 방영일 지남
2019-08-01 08:22:07,542   토렌트 없음 : 불후의 명곡 전설을 노래하다 E412 720P 190720 - 방영일 지남
2019-08-01 08:22:07,542   토렌트 없음 : 불후의 명곡 전설을 노래하다 E413 720P 190727 - 방영일 지남
2019-08-01 08:22:07,543   토렌트 없음 : 씬의 퀴즈 E04 720P 190801
2019-08-01 08:22:07,543   토렌트 없음 : 해피투게더 E43 720P 190801
2019-08-01 08:22:07,544   토렌트 없음 : 호구의 연애 E17 720P 190714 - 방영일 지남
2019-08-01 08:22:07,544   ---------- 토렌트 매칭 완료 (0/28)
2019-08-01 08:22:07,546   ---------- 다운로드 (0/0)
2019-08-01 08:22:07,549   ---------- 상태확인 (0/0)
2019-08-01 08:22:07,552   ---------- 파일처리 (0/0)
2019-08-01 08:22:07,553   ---------- 토렌트삭제 (0/0)
2019-08-01 08:22:08,468   ########## 프로세스 실행중 - 60분후(2019-08-01 09:22:08) 재시작
2019-08-01 08:22:08,468   메모리 사용량 : 118 Mbytes / 169 Mbytes (2720 MBytes)
2019-08-01 09:22:08,608   프로세스 시작
2019-08-01 09:22:09,344   사이트01 연결 실패
2019-08-01 09:22:10,248   사이트03 연결 성공
2019-08-01 09:22:34,584   사이트04 연결 실패
2019-08-01 09:22:35,031   사이트05 연결 실패
2019-08-01 09:22:36,422   사이트06 연결 성공
2019-08-01 09:22:39,981   사이트07 연결 성공
2019-08-01 09:22:40,388   ---------- 사이트 검색 완료
2019-08-01 09:22:41,359   ---------- 트랜스미션 검색(0/28)
2019-08-01 09:22:41,377   토렌트 없음 : 60일, 지정생존자 E09 720P 190729 - 방영일 지남
2019-08-01 09:22:41,377   토렌트 없음 : 60일, 지정생존자 E10 720P 190730 - 방영일 지남
2019-08-01 09:22:41,379   토렌트 없음 : WATCHER(왓쳐) E07 720P 190727 - 방영일 지남
2019-08-01 09:22:41,379   토렌트 없음 : WATCHER(왓쳐) E08 720P 190728 - 방영일 지남
2019-08-01 09:22:41,380   토렌트 없음 : 닥터탐정 E06 720P 190801
2019-08-01 09:22:41,380   토렌트 없음 : 닥터탐정 E07 720P 190725 - 방영일 지남
2019-08-01 09:22:41,381   토렌트 없음 : 닥터탐정 E08 720P 190725 - 방영일 지남
2019-08-01 09:22:41,381   토렌트 없음 : 레벨업 E08 720P 190801
2019-08-01 09:22:41,382   토렌트 없음 : 미스터 기간제 E02 720P 190718 - 방영일 지남
2019-08-01 09:22:41,382   토렌트 없음 : 미스터 기간제 E06 720P 190801
2019-08-01 09:22:41,382   토렌트 없음 : 신입사관 구해령 E11 720P 190801
2019-08-01 09:22:41,383   토렌트 없음 : 신입사관 구해령 E12 720P 190801
2019-08-01 09:22:41,383   토렌트 없음 : 악마가 너의 이름을 부를 때 E02 720P 190801
2019-08-01 09:22:41,384   토렌트 없음 : 의사요한 E05 720P 190726 - 방영일 지남
2019-08-01 09:22:41,384   토렌트 없음 : 의사요한 E06 720P 190726 - 방영일 지남
2019-08-01 09:22:41,385   토렌트 없음 : 의사요한 E07 720P 190727 - 방영일 지남
2019-08-01 09:22:41,385   토렌트 없음 : 의사요한 E08 720P 190727 - 방영일 지남
2019-08-01 09:22:41,437   토렌트 없음 : 거리의 만찬 E32 720P 190705 - 방영일 지남
2019-08-01 09:22:41,439   토렌트 없음 : 거리의 만찬 E33 720P 190712 - 방영일 지남
2019-08-01 09:22:41,440   토렌트 없음 : 거리의 만찬 E34 720P 190719 - 방영일 지남
2019-08-01 09:22:41,442   토렌트 없음 : 나만 믿고 따라와 도시어부 E99 720P 190712 - 방영일 지남
2019-08-01 09:22:41,443   토렌트 없음 : 배틀트립 E149 720P 190720 - 방영일 지남
2019-08-01 09:22:41,444   토렌트 없음 : 배틀트립 E150 720P 190727 - 방영일 지남
2019-08-01 09:22:41,446   토렌트 없음 : 불후의 명곡 전설을 노래하다 E412 720P 190720 - 방영일 지남
2019-08-01 09:22:41,447   토렌트 없음 : 불후의 명곡 전설을 노래하다 E413 720P 190727 - 방영일 지남
2019-08-01 09:22:41,448   토렌트 없음 : 씬의 퀴즈 E04 720P 190801
2019-08-01 09:22:41,449   토렌트 없음 : 해피투게더 E43 720P 190801
2019-08-01 09:22:41,452   토렌트 없음 : 호구의 연애 E17 720P 190714 - 방영일 지남
2019-08-01 09:22:41,453   ---------- 토렌트 매칭 완료 (0/28)
2019-08-01 09:22:41,466   ---------- 다운로드 (0/0)
2019-08-01 09:22:41,469   ---------- 상태확인 (0/0)
2019-08-01 09:22:41,472   ---------- 파일처리 (0/0)
2019-08-01 09:22:41,475   ---------- 토렌트삭제 (0/0)
2019-08-01 09:22:42,449   ########## 프로세스 실행중 - 60분후(2019-08-01 10:22:42) 재시작
2019-08-01 09:22:42,452   메모리 사용량 : 124 Mbytes / 169 Mbytes (2720 MBytes)
2019-08-01 09:59:50,416   에피소드 생성 : 레벨업 E09
2019-08-01 09:59:50,616   에피소드 생성 : 레벨업 E10
2019-08-01 09:59:50,704   업데이트 : 레벨업 에피소드 E08 > E10
2019-08-01 09:59:51,283   에피소드 생성 : 미스터 기간제 E07
2019-08-01 09:59:51,467   에피소드 생성 : 미스터 기간제 E08
2019-08-01 09:59:51,544   업데이트 : 미스터 기간제 에피소드 E06 > E08
2019-08-01 10:22:42,615   프로세스 시작
2019-08-01 10:22:43,363   사이트01 연결 실패
2019-08-01 10:22:44,166   사이트03 연결 성공
2019-08-01 10:23:07,758   사이트04 연결 실패
2019-08-01 10:23:08,204   사이트05 연결 실패
2019-08-01 10:23:09,140   사이트06 연결 성공
2019-08-01 10:23:09,810   사이트06 드라마 1페이지 신규 토렌트 : 신입사관 구해령.E09E10.1080p.HDTV.x265.2Audio(DVS)-0utlaw
2019-08-01 10:23:09,911   사이트06 드라마 1페이지 신규 토렌트 : 닥터탐정.E05.1080p.HDTV.x265-0utlaw
2019-08-01 10:23:10,012   사이트06 드라마 1페이지 신규 토렌트 : 저스티스.E09E10.1080p.HDTV.x265-0utlaw
2019-08-01 10:23:22,978   사이트06 TV     1페이지 신규 토렌트 : 190731 인사이트 이란 2부 - 이란 속의 한국 720p
2019-08-01 10:23:23,069   사이트06 TV     1페이지 신규 토렌트 : 이웃집 찰스.E199.190730.450p-NEXT [누락분]
2019-08-01 10:23:35,161   사이트06 마그넷 검색 : 저스티스.E09E10.1080p.HDTV.x265-0utlaw / magnet:?xt=urn:btih:2fabea153d6f802955d184153af17bdb4e49076e
2019-08-01 10:23:46,245   사이트06 마그넷 검색 : 신입사관 구해령.E09E10.1080p.HDTV.x265.2Audio(DVS)-0utlaw / magnet:?xt=urn:btih:0673d501e744d3db20ef975a757e77a48113fa7c
2019-08-01 10:23:57,378   사이트06 마그넷 검색 : 닥터탐정.E05.1080p.HDTV.x265-0utlaw / magnet:?xt=urn:btih:caa33f3d3170aca737563678b83b49ffaa0a932e
2019-08-01 10:24:08,479   사이트06 마그넷 검색 : 이웃집 찰스.E199.190730.450p-NEXT [누락분] / magnet:?xt=urn:btih:11e98d702ac44ea949e27e9617beb7c68c6f9b21
2019-08-01 10:24:20,479   사이트06 마그넷 없음 : 190731 인사이트 이란 2부 - 이란 속의 한국 720p
2019-08-01 10:24:31,032   사이트07 연결 성공
2019-08-01 10:24:31,446   ---------- 사이트 검색 완료
2019-08-01 10:24:32,364   ---------- 트랜스미션 검색(0/28)
2019-08-01 10:24:32,380   토렌트 없음 : 60일, 지정생존자 E09 720P 190729 - 방영일 지남
2019-08-01 10:24:32,380   토렌트 없음 : 60일, 지정생존자 E10 720P 190730 - 방영일 지남
2019-08-01 10:24:32,381   토렌트 없음 : WATCHER(왓쳐) E07 720P 190727 - 방영일 지남
2019-08-01 10:24:32,381   토렌트 없음 : WATCHER(왓쳐) E08 720P 190728 - 방영일 지남
2019-08-01 10:24:32,382   토렌트 없음 : 닥터탐정 E06 720P 190801
2019-08-01 10:24:32,382   토렌트 없음 : 닥터탐정 E07 720P 190725 - 방영일 지남
2019-08-01 10:24:32,383   토렌트 없음 : 닥터탐정 E08 720P 190725 - 방영일 지남
2019-08-01 10:24:32,384   토렌트 없음 : 레벨업 E08 720P 190801
2019-08-01 10:24:32,385   토렌트 없음 : 미스터 기간제 E02 720P 190718 - 방영일 지남
2019-08-01 10:24:32,385   토렌트 없음 : 미스터 기간제 E06 720P 190801
2019-08-01 10:24:32,386   토렌트 없음 : 신입사관 구해령 E11 720P 190801
2019-08-01 10:24:32,387   토렌트 없음 : 신입사관 구해령 E12 720P 190801
2019-08-01 10:24:32,387   토렌트 없음 : 악마가 너의 이름을 부를 때 E02 720P 190801
2019-08-01 10:24:32,388   토렌트 없음 : 의사요한 E05 720P 190726 - 방영일 지남
2019-08-01 10:24:32,388   토렌트 없음 : 의사요한 E06 720P 190726 - 방영일 지남
2019-08-01 10:24:32,388   토렌트 없음 : 의사요한 E07 720P 190727 - 방영일 지남
2019-08-01 10:24:32,389   토렌트 없음 : 의사요한 E08 720P 190727 - 방영일 지남
2019-08-01 10:24:32,405   토렌트 없음 : 거리의 만찬 E32 720P 190705 - 방영일 지남
2019-08-01 10:24:32,405   토렌트 없음 : 거리의 만찬 E33 720P 190712 - 방영일 지남
2019-08-01 10:24:32,408   토렌트 없음 : 거리의 만찬 E34 720P 190719 - 방영일 지남
2019-08-01 10:24:32,408   토렌트 없음 : 나만 믿고 따라와 도시어부 E99 720P 190712 - 방영일 지남
2019-08-01 10:24:32,408   토렌트 없음 : 배틀트립 E149 720P 190720 - 방영일 지남
2019-08-01 10:24:32,409   토렌트 없음 : 배틀트립 E150 720P 190727 - 방영일 지남
2019-08-01 10:24:32,409   토렌트 없음 : 불후의 명곡 전설을 노래하다 E412 720P 190720 - 방영일 지남
2019-08-01 10:24:32,410   토렌트 없음 : 불후의 명곡 전설을 노래하다 E413 720P 190727 - 방영일 지남
2019-08-01 10:24:32,410   토렌트 없음 : 씬의 퀴즈 E04 720P 190801
2019-08-01 10:24:32,411   토렌트 없음 : 해피투게더 E43 720P 190801
2019-08-01 10:24:32,411   토렌트 없음 : 호구의 연애 E17 720P 190714 - 방영일 지남
2019-08-01 10:24:32,412   ---------- 토렌트 매칭 완료 (0/28)
2019-08-01 10:24:32,414   ---------- 다운로드 (0/0)
2019-08-01 10:24:32,415   ---------- 상태확인 (0/0)
2019-08-01 10:24:32,418   ---------- 파일처리 (0/0)
2019-08-01 10:24:32,420   ---------- 토렌트삭제 (0/0)
2019-08-01 10:24:33,308   ########## 프로세스 실행중 - 60분후(2019-08-01 11:24:33) 재시작
2019-08-01 10:24:33,309   메모리 사용량 : 123 Mbytes / 169 Mbytes (2720 MBytes)
2019-08-01 11:00:18,055   에피소드 생성 : 저스티스 E11
2019-08-01 11:00:18,255   에피소드 생성 : 저스티스 E12
2019-08-01 11:00:18,439   에피소드 생성 : 저스티스 E13
2019-08-01 11:00:18,639   에피소드 생성 : 저스티스 E14
2019-08-01 11:00:18,717   업데이트 : 저스티스 에피소드 E10 > E14
2019-08-01 11:00:21,881   에피소드 생성 : 나 혼자 산다 E305
2019-08-01 11:00:21,957   업데이트 : 나 혼자 산다 에피소드 E304 > E305
2019-08-01 11:00:25,452   에피소드 생성 : 마이 리틀 텔레비전 E19
2019-08-01 11:00:25,531   업데이트 : 마이 리틀 텔레비전 에피소드 E18 > E19
2019-08-01 11:00:32,069   에피소드 생성 : 연애의 맛 E10
2019-08-01 11:00:32,142   업데이트 : 연애의 맛 에피소드 E09 > E10
2019-08-01 11:24:33,470   프로세스 시작
2019-08-01 11:24:34,008   사이트01 연결 실패
2019-08-01 11:24:34,725   사이트03 연결 성공
2019-08-01 11:24:36,212   사이트03 드라마 1페이지 신규 토렌트 : Justice.2019.E09E10.1080p.HDTV.x265 0utlaw.mkv
2019-08-01 11:24:36,301   사이트03 드라마 1페이지 신규 토렌트 : Doctor.Detective.E05.1080p.HDTV.x265 0utlaw.mkv
2019-08-01 11:24:36,388   사이트03 드라마 1페이지 신규 토렌트 : Rookie.Historian.Goo.Hae Ryung.E09E10.1080p.HDTV.x265.2Audio(DVS) 0utlaw.mkv
2019-08-01 11:24:49,718   사이트03 마그넷 검색 : Justice.2019.E09E10.1080p.HDTV.x265 0utlaw.mkv / magnet:?xt=urn:btih:2fabea153d6f802955d184153af17bdb4e49076e
2019-08-01 11:25:00,593   사이트03 마그넷 검색 : Rookie.Historian.Goo.Hae Ryung.E09E10.1080p.HDTV.x265.2Audio(DVS) 0utlaw.mkv / magnet:?xt=urn:btih:0673d501e744d3db20ef975a757e77a48113fa7c
2019-08-01 11:25:11,695   사이트03 마그넷 검색 : Doctor.Detective.E05.1080p.HDTV.x265 0utlaw.mkv / magnet:?xt=urn:btih:caa33f3d3170aca737563678b83b49ffaa0a932e
2019-08-01 11:25:43,284   사이트04 연결 실패
2019-08-01 11:25:43,600   사이트05 연결 실패
2019-08-01 11:25:44,858   사이트06 연결 성공
2019-08-01 11:25:48,309   사이트07 연결 성공
2019-08-01 11:25:48,549   사이트07 드라마 1페이지 신규 토렌트 : Rookie.Historian.Goo.Hae Ryung.E09E10.1080p.HDTV.x265.2Audio(DVS) 0utlaw.mkv
2019-08-01 11:25:48,628   사이트07 드라마 1페이지 신규 토렌트 : Doctor.Detective.E05.1080p.HDTV.x265 0utlaw.mkv
2019-08-01 11:25:48,711   사이트07 드라마 1페이지 신규 토렌트 : Justice.2019.E09E10.1080p.HDTV.x265 0utlaw.mkv
2019-08-01 11:25:59,191   사이트07 TV     1페이지 신규 토렌트 : 이웃집 찰스.E199.190730.450p NEXT.mp4
2019-08-01 11:26:09,537   사이트07 마그넷 검색 : Doctor.Detective.E05.1080p.HDTV.x265 0utlaw.mkv / magnet:?xt=urn:btih:caa33f3d3170aca737563678b83b49ffaa0a932e
2019-08-01 11:26:19,784   사이트07 마그넷 검색 : Rookie.Historian.Goo.Hae Ryung.E09E10.1080p.HDTV.x265.2Audio(DVS) 0utlaw.mkv / magnet:?xt=urn:btih:0673d501e744d3db20ef975a757e77a48113fa7c
2019-08-01 11:26:29,988   사이트07 마그넷 검색 : Justice.2019.E09E10.1080p.HDTV.x265 0utlaw.mkv / magnet:?xt=urn:btih:2fabea153d6f802955d184153af17bdb4e49076e
2019-08-01 11:26:40,208   사이트07 마그넷 검색 : 이웃집 찰스.E199.190730.450p NEXT.mp4 / magnet:?xt=urn:btih:11e98d702ac44ea949e27e9617beb7c68c6f9b21
2019-08-01 11:26:50,209   ---------- 사이트 검색 완료
2019-08-01 11:26:51,112   ---------- 트랜스미션 검색(0/31)
2019-08-01 11:26:51,133   토렌트 없음 : 60일, 지정생존자 E09 720P 190729 - 방영일 지남
2019-08-01 11:26:51,139   토렌트 없음 : 60일, 지정생존자 E10 720P 190730 - 방영일 지남
2019-08-01 11:26:51,140   토렌트 없음 : WATCHER(왓쳐) E07 720P 190727 - 방영일 지남
2019-08-01 11:26:51,140   토렌트 없음 : WATCHER(왓쳐) E08 720P 190728 - 방영일 지남
2019-08-01 11:26:51,141   토렌트 없음 : 닥터탐정 E06 720P 190801
2019-08-01 11:26:51,141   토렌트 없음 : 닥터탐정 E07 720P 190725 - 방영일 지남
2019-08-01 11:26:51,141   토렌트 없음 : 닥터탐정 E08 720P 190725 - 방영일 지남
2019-08-01 11:26:51,142   토렌트 없음 : 레벨업 E08 720P 190801
2019-08-01 11:26:51,142   토렌트 없음 : 미스터 기간제 E02 720P 190718 - 방영일 지남
2019-08-01 11:26:51,143   토렌트 없음 : 미스터 기간제 E06 720P 190801
2019-08-01 11:26:51,143   토렌트 없음 : 신입사관 구해령 E11 720P 190801
2019-08-01 11:26:51,143   토렌트 없음 : 신입사관 구해령 E12 720P 190801
2019-08-01 11:26:51,144   토렌트 없음 : 악마가 너의 이름을 부를 때 E02 720P 190801
2019-08-01 11:26:51,144   토렌트 없음 : 의사요한 E05 720P 190726 - 방영일 지남
2019-08-01 11:26:51,145   토렌트 없음 : 의사요한 E06 720P 190726 - 방영일 지남
2019-08-01 11:26:51,146   토렌트 없음 : 의사요한 E07 720P 190727 - 방영일 지남
2019-08-01 11:26:51,146   토렌트 없음 : 의사요한 E08 720P 190727 - 방영일 지남
2019-08-01 11:26:51,147   토렌트 없음 : 저스티스 E11 720P 190801
2019-08-01 11:26:51,150   토렌트 없음 : 저스티스 E12 720P 190801
2019-08-01 11:26:51,172   토렌트 없음 : 거리의 만찬 E32 720P 190705 - 방영일 지남
2019-08-01 11:26:51,172   토렌트 없음 : 거리의 만찬 E33 720P 190712 - 방영일 지남
2019-08-01 11:26:51,174   토렌트 없음 : 거리의 만찬 E34 720P 190719 - 방영일 지남
2019-08-01 11:26:51,174   토렌트 없음 : 나만 믿고 따라와 도시어부 E99 720P 190712 - 방영일 지남
2019-08-01 11:26:51,175   토렌트 없음 : 배틀트립 E149 720P 190720 - 방영일 지남
2019-08-01 11:26:51,175   토렌트 없음 : 배틀트립 E150 720P 190727 - 방영일 지남
2019-08-01 11:26:51,175   토렌트 없음 : 불후의 명곡 전설을 노래하다 E412 720P 190720 - 방영일 지남
2019-08-01 11:26:51,176   토렌트 없음 : 불후의 명곡 전설을 노래하다 E413 720P 190727 - 방영일 지남
2019-08-01 11:26:51,176   토렌트 없음 : 씬의 퀴즈 E04 720P 190801
2019-08-01 11:26:51,177   토렌트 없음 : 연애의 맛 E10 720P 190801
2019-08-01 11:26:51,177   토렌트 없음 : 해피투게더 E43 720P 190801
2019-08-01 11:26:51,177   토렌트 없음 : 호구의 연애 E17 720P 190714 - 방영일 지남
2019-08-01 11:26:51,178   ---------- 토렌트 매칭 완료 (0/31)
2019-08-01 11:26:51,181   ---------- 다운로드 (0/0)
2019-08-01 11:26:51,184   ---------- 상태확인 (0/0)
2019-08-01 11:26:51,188   ---------- 파일처리 (0/0)
2019-08-01 11:26:51,190   ---------- 토렌트삭제 (0/0)
2019-08-01 11:26:52,077   ########## 프로세스 실행중 - 60분후(2019-08-01 12:26:52) 재시작
2019-08-01 11:26:52,077   메모리 사용량 : 131 Mbytes / 168 Mbytes (2720 MBytes)
2019-08-01 12:00:49,674   에피소드 생성 : 나만 믿고 따라와 도시어부 E100
2019-08-01 12:00:49,745   업데이트 : 나만 믿고 따라와 도시어부 에피소드 E99 > E100
2019-08-01 12:00:51,595   에피소드 생성 : 런닝맨 E462
2019-08-01 12:00:51,670   업데이트 : 런닝맨 에피소드 E461 > E462
2019-08-01 12:00:53,399   에피소드 생성 : 미운 우리 새끼 E150
2019-08-01 12:00:53,470   업데이트 : 미운 우리 새끼 에피소드 E149 > E150
2019-08-01 12:01:01,799   에피소드 생성 : 집사부일체 E80
2019-08-01 12:01:01,861   업데이트 : 집사부일체 에피소드 E79 > E80
2019-08-01 12:26:52,242   프로세스 시작
2019-08-01 12:26:52,982   사이트01 연결 실패
2019-08-01 12:26:53,798   사이트03 연결 성공
2019-08-01 12:26:57,614   사이트03 TV     1페이지 신규 토렌트 : 이웃집 찰스.E199.190730.450p NEXT.mp4
2019-08-01 12:27:09,945   사이트03 마그넷 검색 : 이웃집 찰스.E199.190730.450p NEXT.mp4 / magnet:?xt=urn:btih:11e98d702ac44ea949e27e9617beb7c68c6f9b21
2019-08-01 12:27:41,298   사이트04 연결 실패
2019-08-01 12:27:41,911   사이트05 연결 실패
2019-08-01 12:27:43,312   사이트06 연결 성공
2019-08-01 12:27:46,815   사이트07 연결 성공
2019-08-01 12:27:47,204   ---------- 사이트 검색 완료
2019-08-01 12:27:48,081   ---------- 트랜스미션 검색(0/32)
2019-08-01 12:27:48,099   토렌트 없음 : 60일, 지정생존자 E09 720P 190729 - 방영일 지남
2019-08-01 12:27:48,099   토렌트 없음 : 60일, 지정생존자 E10 720P 190730 - 방영일 지남
2019-08-01 12:27:48,100   토렌트 없음 : WATCHER(왓쳐) E07 720P 190727 - 방영일 지남
2019-08-01 12:27:48,101   토렌트 없음 : WATCHER(왓쳐) E08 720P 190728 - 방영일 지남
2019-08-01 12:27:48,102   토렌트 없음 : 닥터탐정 E06 720P 190801
2019-08-01 12:27:48,103   토렌트 없음 : 닥터탐정 E07 720P 190725 - 방영일 지남
2019-08-01 12:27:48,103   토렌트 없음 : 닥터탐정 E08 720P 190725 - 방영일 지남
2019-08-01 12:27:48,104   토렌트 없음 : 레벨업 E08 720P 190801
2019-08-01 12:27:48,105   토렌트 없음 : 미스터 기간제 E02 720P 190718 - 방영일 지남
2019-08-01 12:27:48,105   토렌트 없음 : 미스터 기간제 E06 720P 190801
2019-08-01 12:27:48,106   토렌트 없음 : 신입사관 구해령 E11 720P 190801
2019-08-01 12:27:48,107   토렌트 없음 : 신입사관 구해령 E12 720P 190801
2019-08-01 12:27:48,107   토렌트 없음 : 악마가 너의 이름을 부를 때 E02 720P 190801
2019-08-01 12:27:48,108   토렌트 없음 : 의사요한 E05 720P 190726 - 방영일 지남
2019-08-01 12:27:48,108   토렌트 없음 : 의사요한 E06 720P 190726 - 방영일 지남
2019-08-01 12:27:48,109   토렌트 없음 : 의사요한 E07 720P 190727 - 방영일 지남
2019-08-01 12:27:48,111   토렌트 없음 : 의사요한 E08 720P 190727 - 방영일 지남
2019-08-01 12:27:48,112   토렌트 없음 : 저스티스 E11 720P 190801
2019-08-01 12:27:48,113   토렌트 없음 : 저스티스 E12 720P 190801
2019-08-01 12:27:48,131   토렌트 없음 : 거리의 만찬 E32 720P 190705 - 방영일 지남
2019-08-01 12:27:48,131   토렌트 없음 : 거리의 만찬 E33 720P 190712 - 방영일 지남
2019-08-01 12:27:48,133   토렌트 없음 : 거리의 만찬 E34 720P 190719 - 방영일 지남
2019-08-01 12:27:48,134   토렌트 없음 : 나만 믿고 따라와 도시어부 E100 720P 190801
2019-08-01 12:27:48,134   토렌트 없음 : 나만 믿고 따라와 도시어부 E99 720P 190712 - 방영일 지남
2019-08-01 12:27:48,135   토렌트 없음 : 배틀트립 E149 720P 190720 - 방영일 지남
2019-08-01 12:27:48,135   토렌트 없음 : 배틀트립 E150 720P 190727 - 방영일 지남
2019-08-01 12:27:48,136   토렌트 없음 : 불후의 명곡 전설을 노래하다 E412 720P 190720 - 방영일 지남
2019-08-01 12:27:48,137   토렌트 없음 : 불후의 명곡 전설을 노래하다 E413 720P 190727 - 방영일 지남
2019-08-01 12:27:48,137   토렌트 없음 : 씬의 퀴즈 E04 720P 190801
2019-08-01 12:27:48,138   토렌트 없음 : 연애의 맛 E10 720P 190801
2019-08-01 12:27:48,138   토렌트 없음 : 해피투게더 E43 720P 190801
2019-08-01 12:27:48,139   토렌트 없음 : 호구의 연애 E17 720P 190714 - 방영일 지남
2019-08-01 12:27:48,140   ---------- 토렌트 매칭 완료 (0/32)
2019-08-01 12:27:48,144   ---------- 다운로드 (0/0)
2019-08-01 12:27:48,146   ---------- 상태확인 (0/0)
2019-08-01 12:27:48,147   ---------- 파일처리 (0/0)
2019-08-01 12:27:48,149   ---------- 토렌트삭제 (0/0)
2019-08-01 12:27:49,087   ########## 프로세스 실행중 - 60분후(2019-08-01 13:27:49) 재시작
2019-08-01 12:27:49,088   메모리 사용량 : 145 Mbytes / 168 Mbytes (2720 MBytes)
2019-08-01 12:28:20,772   ####################################################
2019-08-01 12:28:20,773   <ShowDown> Server 1.55
2019-08-01 12:28:22,128   트랜스미션 연결 성공
2019-08-01 12:28:22,952   DB 연결 성공
2019-08-01 12:28:22,954   테이블 확인 완료 : SHOWDOWN
2019-08-01 12:28:22,955   테이블 확인 완료 : DRAMA_LIST
2019-08-01 12:28:22,955   테이블 확인 완료 : DRAMA_EPISODE
2019-08-01 12:28:22,955   테이블 확인 완료 : ENTER_LIST
2019-08-01 12:28:22,955   테이블 확인 완료 : ENTER_EPISODE
2019-08-01 12:28:22,956   테이블 확인 완료 : TV_LIST
2019-08-01 12:28:22,956   테이블 확인 완료 : TV_EPISODE
2019-08-01 12:28:22,956   테이블 확인 완료 : TORRENT_DRAMA
2019-08-01 12:28:22,956   테이블 확인 완료 : TORRENT_ENTER
2019-08-01 12:28:22,957   테이블 확인 완료 : TORRENT_TV
2019-08-01 12:28:22,957   DB 스키마 : 1.55
2019-08-01 12:28:22,957   DB 최신버전
2019-08-01 12:28:22,960   서버 포트 오픈 : 4440
2019-08-01 12:28:22,960   쓰레드 시작 : ShowGet
2019-08-01 12:28:22,960   쓰레드 시작 : ShowDown
2019-08-01 12:28:22,962   쓰레드 시작 : CLI
2019-08-01 12:28:22,962   쓰레드 시작 : Telegram Bot
2019-08-01 12:28:22,975   쓰레드 시작 : TransmissionSpeedLimit
2019-08-01 12:28:23,063   프로세스 시작
2019-08-01 12:28:26,523   사이트01 연결 실패
2019-08-01 12:28:27,555   사이트03 연결 성공
2019-08-01 12:28:33,887   에피소드 생성 : 고교급식왕 E09
2019-08-01 12:28:33,958   업데이트 : 고교급식왕 에피소드 E08 > E09
2019-08-01 12:28:50,312   에피소드 생성 : 플레이어 E04
2019-08-01 12:28:50,403   업데이트 : 플레이어 에피소드 E03 > E04
2019-08-01 12:28:51,080   사이트04 연결 실패
2019-08-01 12:28:51,424   사이트05 연결 실패
2019-08-01 12:28:52,828   사이트06 연결 성공
2019-08-01 12:28:56,393   사이트07 연결 성공
2019-08-01 12:28:56,810   ---------- 사이트 검색 완료
2019-08-01 12:28:57,717   ---------- 트랜스미션 검색(0/32)
2019-08-01 12:28:57,737   토렌트 없음 : 60일, 지정생존자 E09 720P 190729 - 방영일 지남
2019-08-01 12:28:57,737   토렌트 없음 : 60일, 지정생존자 E10 720P 190730 - 방영일 지남
2019-08-01 12:28:57,739   토렌트 없음 : WATCHER(왓쳐) E07 720P 190727 - 방영일 지남
2019-08-01 12:28:57,740   토렌트 없음 : WATCHER(왓쳐) E08 720P 190728 - 방영일 지남
2019-08-01 12:28:57,740   토렌트 없음 : 닥터탐정 E06 720P 190801
2019-08-01 12:28:57,741   토렌트 없음 : 닥터탐정 E07 720P 190725 - 방영일 지남
2019-08-01 12:28:57,742   토렌트 없음 : 닥터탐정 E08 720P 190725 - 방영일 지남
2019-08-01 12:28:57,742   토렌트 없음 : 레벨업 E08 720P 190801
2019-08-01 12:28:57,743   토렌트 없음 : 미스터 기간제 E02 720P 190718 - 방영일 지남
2019-08-01 12:28:57,744   토렌트 없음 : 미스터 기간제 E06 720P 190801
2019-08-01 12:28:57,744   토렌트 없음 : 신입사관 구해령 E11 720P 190801
2019-08-01 12:28:57,745   토렌트 없음 : 신입사관 구해령 E12 720P 190801
2019-08-01 12:28:57,747   토렌트 없음 : 악마가 너의 이름을 부를 때 E02 720P 190801
2019-08-01 12:28:57,749   토렌트 없음 : 의사요한 E05 720P 190726 - 방영일 지남
2019-08-01 12:28:57,749   토렌트 없음 : 의사요한 E06 720P 190726 - 방영일 지남
2019-08-01 12:28:57,750   토렌트 없음 : 의사요한 E07 720P 190727 - 방영일 지남
2019-08-01 12:28:57,750   토렌트 없음 : 의사요한 E08 720P 190727 - 방영일 지남
2019-08-01 12:28:57,751   토렌트 없음 : 저스티스 E11 720P 190801
2019-08-01 12:28:57,751   토렌트 없음 : 저스티스 E12 720P 190801
2019-08-01 12:28:57,771   토렌트 없음 : 거리의 만찬 E32 720P 190705 - 방영일 지남
2019-08-01 12:28:57,772   토렌트 없음 : 거리의 만찬 E33 720P 190712 - 방영일 지남
2019-08-01 12:28:57,774   토렌트 없음 : 거리의 만찬 E34 720P 190719 - 방영일 지남
2019-08-01 12:28:57,774   토렌트 없음 : 나만 믿고 따라와 도시어부 E100 720P 190801
2019-08-01 12:28:57,775   토렌트 없음 : 나만 믿고 따라와 도시어부 E99 720P 190712 - 방영일 지남
2019-08-01 12:28:57,775   토렌트 없음 : 배틀트립 E149 720P 190720 - 방영일 지남
2019-08-01 12:28:57,776   토렌트 없음 : 배틀트립 E150 720P 190727 - 방영일 지남
2019-08-01 12:28:57,777   토렌트 없음 : 불후의 명곡 전설을 노래하다 E412 720P 190720 - 방영일 지남
2019-08-01 12:28:57,777   토렌트 없음 : 불후의 명곡 전설을 노래하다 E413 720P 190727 - 방영일 지남
2019-08-01 12:28:57,778   토렌트 없음 : 씬의 퀴즈 E04 720P 190801
2019-08-01 12:28:57,778   토렌트 없음 : 연애의 맛 E10 720P 190801
2019-08-01 12:28:57,779   토렌트 없음 : 해피투게더 E43 720P 190801
2019-08-01 12:28:57,779   토렌트 없음 : 호구의 연애 E17 720P 190714 - 방영일 지남
2019-08-01 12:28:57,780   ---------- 토렌트 매칭 완료 (0/32)
2019-08-01 12:28:57,782   ---------- 다운로드 (0/0)
2019-08-01 12:28:57,785   ---------- 상태확인 (0/0)
2019-08-01 12:28:57,787   ---------- 파일처리 (0/0)
2019-08-01 12:28:57,789   ---------- 토렌트삭제 (0/0)
2019-08-01 12:28:58,732   ########## 프로세스 실행중 - 60분후(2019-08-01 13:28:58) 재시작
2019-08-01 12:28:58,733   메모리 사용량 : 29 Mbytes / 120 Mbytes (2720 MBytes)
2019-08-01 13:14:02,141   클라이언트 접속 : /127.0.0.1
2019-08-01 13:14:02,141   Client Request : {"request":"search","keyword":"플레이어","type":"ENTER"}
2019-08-01 13:14:02,280   Client Result : {"result":"true","schedule":"일 오후 6:15","air_date":"2019.7.14~","thumb":"https:\/\/search1.kakaocdn.net\/thumb\/C232x336.q85\/?fname=http%3A%2F%2Ft1.daumcdn.net%2Fcontentshub%2Fsdb%2Fb8a609977c25afa849fbcb170e7bb8882787717f51adcba8251302826d94cca0","name":"플레이어","genre":"예능","company":"XtvN","comment":"웃는 순간, 출연료가 깎인다! 출연료를 건 일곱 남자의 웃음트랩 탈출기를 담은 프로그램","episode":"E04","url":"https:\/\/search.daum.net\/search?w=tv&q=%ED%94%8C%EB%A0%88%EC%9D%B4%EC%96%B4&irk=86038&irt=tv-program&DA=TVP","sid":"86038","status":"2"}
2019-08-01 13:14:02,284   클라이언트 연결 끊김
2019-08-01 13:17:15,389   클라이언트 접속 : /127.0.0.1
2019-08-01 13:17:15,390   Client Request : {"request":"search","keyword":"플레이어","type":"ENTER"}
2019-08-01 13:17:15,516   Client Result : {"result":"true","schedule":"일 오후 6:15","air_date":"2019.7.14~","thumb":"https:\/\/search1.kakaocdn.net\/thumb\/C232x336.q85\/?fname=http%3A%2F%2Ft1.daumcdn.net%2Fcontentshub%2Fsdb%2Fb8a609977c25afa849fbcb170e7bb8882787717f51adcba8251302826d94cca0","name":"플레이어","genre":"예능","company":"XtvN","comment":"웃는 순간, 출연료가 깎인다! 출연료를 건 일곱 남자의 웃음트랩 탈출기를 담은 프로그램","episode":"E04","url":"https:\/\/search.daum.net\/search?w=tv&q=%ED%94%8C%EB%A0%88%EC%9D%B4%EC%96%B4&irk=86038&irt=tv-program&DA=TVP","sid":"86038","status":"2"}
2019-08-01 13:17:15,518   클라이언트 연결 끊김
2019-08-01 13:22:26,565   클라이언트 접속 : /127.0.0.1
2019-08-01 13:22:28,437   Client Request : {"request":"list","type":"DRAMA","status":"2"}
2019-08-01 13:22:28,440   Client Result : {"result":"true","args":[{"monitor_hd":"Y","thumb":"https:\/\/search1.kakaocdn.net\/thumb\/C232x336.q85\/?fname=http%3A%2F%2Ft1.daumcdn.net%2Fcontentshub%2Fsdb%2F608c47e812071104b5a709ed85d491cdd50b4610717568256f3919fbb9615588","complete_fhd":"0","episode":"E10","sid":"84604","air_date":"2019.7.1~","schedule":"월, 화 오후 9:30","monitor_fhd":"N","name":"60일, 지정생존자","season":"S01","company":"tvN","comment":"갑작스러운 국회의사당 폭탄 테러로 대통령을 잃은 대한민국에서 환경부 장관 박무진이 60일간의 대통령 권한대행으로 지정되면서 테러의 배후를 찾아내고 가족과 나라를 지키며 성장하는 이야기를 그린 드라마","complete_hd":"8","status":"2"},{"monitor_hd":"Y","thumb":"https:\/\/search1.kakaocdn.net\/thumb\/C232x336.q85\/?fname=http%3A%2F%2Ft1.daumcdn.net%2Fcontentshub%2Fsdb%2Fd0337b90503f0c89c72a204ac0867462a27239227ec4e823d45beccab0e88436","complete_fhd":"0","episode":"E08","sid":"85258","air_date":"2019.7.6~","schedule":"토, 일 오후 10:20","monitor_fhd":"N","name":"WATCHER(왓쳐)","season":"S01","company":"OCN","comment":"비극적인 사건으로 인해 인생이 무너진 세 남녀가 경찰 내부 비리조사팀이 되어 권력의 실체를 파헤치는 심리스릴러 드라마","complete_hd":"6","status":"2"},{"monitor_hd":"Y","thumb":"https:\/\/search1.kakaocdn.net\/thumb\/C232x336.q85\/?fname=http%3A%2F%2Ft1.daumcdn.net%2Fcontentshub%2Fsdb%2F0358144e3f695bac850b442615acd37c76d6ce3a6eb2335a2f5582003a91a0f5","complete_fhd":"0","episode":"E08","sid":"85387","air_date":"2019.7.17~","schedule":"수, 목 오후 10:00","monitor_fhd":"N","name":"닥터탐정","season":"S01","company":"SBS","comment":"산업현장의 사회 부조리를 통쾌하게 해결하는 닥터탐정들의 활약을 담은 신종 메디컬 수사물!","complete_hd":"5","status":"2"},{"monitor_hd":"Y","thumb":"https:\/\/search1.kakaocdn.net\/thumb\/C232x336.q85\/?fname=http%3A%2F%2Ft1.daumcdn.net%2Fcontentshub%2Fsdb%2F110777fd8c4b90c2dbdf12fbb1990f14cb0ed2c418431e5f26e885782fef58ba","complete_fhd":"0","episode":"E10","sid":"85098","air_date":"2019.7.10~","schedule":"수, 목 오후 11:00","monitor_fhd":"N","name":"레벨업","season":"S01","company":"드라맥스","comment":"회생율 100%의 구조조정 전문가 안단테와 게임 덕후 신연화가 부도난 게임 회사를 살릴 신작 출시를 위해 고군분투하는 이야기를 그린 로맨틱 코미디 드라마","complete_hd":"7","status":"2"},{"monitor_hd":"Y","thumb":"https:\/\/search1.kakaocdn.net\/thumb\/C232x336.q85\/?fname=http%3A%2F%2Ft1.daumcdn.net%2Fcontentshub%2Fsdb%2Fde9ccbf36e4676db968035e8ac8850a92b91a1542891f13900e4436e61b27a0a","complete_fhd":"0","episode":"E10","sid":"86029","air_date":"2019.7.16~","schedule":"월~금 오전 7:50","monitor_fhd":"N","name":"모두 다 쿵따리","season":"S01","company":"MBC","comment":"미국에 입양 후 처음 오게 된 고향 쿵따리 마을에 정착하게 되며 벌어지는 좌충우돌 시골 적응기","complete_hd":"10","status":"2"},{"monitor_hd":"Y","thumb":"https:\/\/search1.kakaocdn.net\/thumb\/C232x336.q85\/?fname=http%3A%2F%2Ft1.daumcdn.net%2Fcontentshub%2Fsdb%2F83fa2b16240f51f894dce9ba9270a102a228caff9b46e26444083529dc62c907","complete_fhd":"0","episode":"E08","sid":"85491","air_date":"2019.7.17~","schedule":"수, 목 오후 11:00","monitor_fhd":"N","name":"미스터 기간제","season":"S01","company":"OCN","comment":"상위 0.1% 명문고에서 벌어진 의문의 살인사건, 진실을 밝히려는 속물 변호사의 잠입 작전을 그린 드라마","complete_hd":"4","status":"2"},{"monitor_hd":"N","thumb":"https:\/\/search1.kakaocdn.net\/thumb\/C232x336.q85\/?fname=http%3A%2F%2Ft1.daumcdn.net%2Fcontentshub%2Fsdb%2F908fb9025cdf71ea604e725a9dae91e223884fea7ec9f68499536fa299095d67","complete_fhd":"0","episode":"E80","sid":"84578","air_date":"2019.3.23~","schedule":"토, 일 오후 7:55","monitor_fhd":"N","name":"세상에서 제일 예쁜 내 딸","season":"S01","company":"KBS2","comment":"지금 이 시대 대한민국을 살고 있는 엄마와 딸의 이야기를 담은 드라마","complete_hd":"0","status":"2"},{"monitor_hd":"N","thumb":"https:\/\/search1.kakaocdn.net\/thumb\/C232x336.q85\/?fname=http%3A%2F%2Ft1.daumcdn.net%2Fcontentshub%2Fsdb%2Fafa66f25f2d161bbdd80c392d0c7a6ead11e501ea7f929bb0089f423596557c6","complete_fhd":"0","episode":"E49","sid":"85510","air_date":"2019.5.20~","schedule":"월~금 오전 8:40","monitor_fhd":"N","name":"수상한 장모","season":"S01","company":"SBS","comment":"첫눈에 반해 사랑에 빠진 은석과 제니. 흠잡을 데 없는 일등 사위감인 은석을 결사 항전으로 막아서는 수상한 장모. 수진 장모님이 내 원수가 되어버린 은석의 사연, 그리고 수상한 장모의 비밀","complete_hd":"0","status":"2"},{"monitor_hd":"Y","thumb":"https:\/\/search1.kakaocdn.net\/thumb\/C232x336.q85\/?fname=http%3A%2F%2Ft1.daumcdn.net%2Fcontentshub%2Fsdb%2F4ef95ad4feed267d73956375833df0fb7b62bad82b088c48ac584f5094884c2f","complete_fhd":"0","episode":"E12","sid":"84973","air_date":"2019.7.17~","schedule":"수, 목 오후 8:55","monitor_fhd":"N","name":"신입사관 구해령","season":"S01","company":"MBC","comment":"조선의 첫 문제적 여사(女史) 구해령과 반전 모태솔로 왕자 이림의 \u2018필\u2019 충만 로맨스 실록을 담은 드라마","complete_hd":"10","status":"2"},{"monitor_hd":"Y","thumb":"https:\/\/search1.kakaocdn.net\/thumb\/C232x336.q85\/?fname=http%3A%2F%2Ft1.daumcdn.net%2Fcontentshub%2Fsdb%2F2415bd9d0992c340ba6aee19f405ea1739f386ca66b55d198dbf66fed525581f","complete_fhd":"0","episode":"E13","sid":"82870","air_date":"","schedule":"2019.6.1~","monitor_fhd":"N","name":"아스달 연대기","season":"S01","company":"tvN","comment":"태고의 땅 \u2018아스\u2019에서 서로 다른 전설을 써가는 영웅들의 운명적 이야기를 그린 드라마","complete_hd":"12","status":"2"},{"monitor_hd":"Y","thumb":"https:\/\/search1.kakaocdn.net\/thumb\/C232x336.q85\/?fname=http%3A%2F%2Ft1.daumcdn.net%2Fcontentshub%2Fsdb%2F4f3756ee25699a9a8906ff544b9d96c3df16d6d1a3000855a3aa76d7e621891c","complete_fhd":"0","episode":"E02","sid":"84184","air_date":"2019.7.31~","schedule":"수, 목 오후 9:30","monitor_fhd":"N","name":"악마가 너의 이름을 부를 때","season":"S01","company":"tvN","comment":"악마에게 영혼을 판 스타 작곡가 하립이 계약 만료를 앞두고 인생을 걸고 일생일대 게임을 펼치는 영혼 담보 코믹 판타지 드라마","complete_hd":"1","status":"2"},{"monitor_hd":"N","thumb":"https:\/\/search1.kakaocdn.net\/thumb\/C232x336.q85\/?fname=http%3A%2F%2Ft1.daumcdn.net%2Fcontentshub%2Fsdb%2F596e6d0553a17e48945221f9dd417d7af923c21e4cb09eb3f800419dc42f5001","complete_fhd":"0","episode":"E64","sid":"85536","air_date":"2019.4.29~","schedule":"월~금 오후 8:30","monitor_fhd":"N","name":"여름아 부탁해","season":"S01","company":"KBS1","comment":"미워도 미워할 수만은 없는 가족에 대한 이야기를 유쾌하고 따뜻하게 그릴 가족드라마","complete_hd":"0","status":"2"},{"monitor_hd":"Y","thumb":"https:\/\/search1.kakaocdn.net\/thumb\/C232x336.q85\/?fname=http%3A%2F%2Ft1.daumcdn.net%2Fcontentshub%2Fsdb%2Fb077e2093ba67c2cc8cd60080ef6c4dbf4f242eaad1fbfccaf14b1dea24acd5d","complete_fhd":"0","episode":"E04","sid":"84912","air_date":"2019.7.22~","schedule":"월, 화 오후 9:30","monitor_fhd":"N","name":"열여덟의 순간","season":"S01","company":"JTBC","comment":"위태롭고 미숙한 'Pre-청춘'들의 세상을 있는 그대로 들여다보는 감성 청춘 드라마","complete_hd":"4","status":"2"},{"monitor_hd":"Y","thumb":"https:\/\/search1.kakaocdn.net\/thumb\/C232x336.q85\/?fname=http%3A%2F%2Ft1.daumcdn.net%2Fcontentshub%2Fsdb%2Fedc9ec0020b878ac9467608f862b423317731f07dd22341f2761d5e2542ca65c","complete_fhd":"0","episode":"E08","sid":"84914","air_date":"2019.7.19~","schedule":"금, 토 오후 10:00","monitor_fhd":"N","name":"의사요한","season":"S01","company":"SBS","comment":"통증의학과 의사들의 이야기를 그린 휴먼 메디컬 드라마","complete_hd":"4","status":"2"},{"monitor_hd":"Y","thumb":"https:\/\/search1.kakaocdn.net\/thumb\/C232x336.q85\/?fname=http%3A%2F%2Ft1.daumcdn.net%2Fcontentshub%2Fsdb%2F6c769f69e3011d519a08be82b4f09f7decff8396d59003c0546d8f17a39239b7","complete_fhd":"0","episode":"E14","sid":"85203","air_date":"2019.7.17~","schedule":"수, 목 오후 10:00","monitor_fhd":"N","name":"저스티스","season":"S01","company":"KBS2","comment":"복수를 위해 악마와 거래한 타락한 변호사 이태경과 가족을 위해 스스로 악이 된 남자 송우용이 여배우 연쇄 실종 사건의 한가운데서 부딪히며 대한민국 VVIP들의 숨겨진 뒷모습을 파헤치는 소셜 스릴러","complete_hd":"10","status":"2"},{"monitor_hd":"Y","thumb":"https:\/\/search1.kakaocdn.net\/thumb\/C232x336.q85\/?fname=http%3A%2F%2Ft1.daumcdn.net%2Fcontentshub%2Fsdb%2F5fc77e1ca80cf2729d138c0ccfac9952282eee805223aa3473354d2644eb31c2","complete_fhd":"0","episode":"E12","sid":"85311","air_date":"2019.6.8~","schedule":"토, 일 오후 10:50","monitor_fhd":"N","name":"조선생존기","season":"S01","company":"TV조선","comment":"가난하지만 단 한 가지 반드시 지켜야 할 것이 있는 2019년의 청춘 정록과 사람대접 못 받는 천출, 애초에 가진 게 없어 잃을 것도 없는 1562년의 청춘 임꺽정이 만나 펼치는 유쾌한 활극 드라마","complete_hd":"12","status":"2"},{"monitor_hd":"N","thumb":"https:\/\/search1.kakaocdn.net\/thumb\/C232x336.q85\/?fname=http%3A%2F%2Ft1.daumcdn.net%2Fcontentshub%2Fsdb%2Fb16d76901e789d3ef64d1c5364e74b1bf59b9a164c5754ceb45c6dbe739b9163","complete_fhd":"0","episode":"E39","sid":"85606","air_date":"2019.6.3~","schedule":"월~금 오후 7:50","monitor_fhd":"N","name":"태양의 계절","season":"S01","company":"KBS2","comment":"대한민국 경제사의 흐름과 맥을 같이 하는 양지그룹을 둘러싼 이기적 유전자들의 치열한 왕좌게임","complete_hd":"0","status":"2"},{"monitor_hd":"Y","thumb":"https:\/\/search1.kakaocdn.net\/thumb\/C232x336.q85\/?fname=http%3A%2F%2Ft1.daumcdn.net%2Fcontentshub%2Fsdb%2F7353c579f553179b6c4fbc754a93d3fb3df99584b76ed21aeeb5aeffd2eab1f0","complete_fhd":"0","episode":"E08","sid":"84998","air_date":"2019.7.5~","schedule":"금, 토 오후 11:00","monitor_fhd":"N","name":"평일 오후 세시의 연인","season":"S01","company":"채널A","comment":"금기된 사랑으로 인해 혹독한 홍역을 겪는 어른들의 성장드라마","complete_hd":"8","status":"2"},{"monitor_hd":"Y","thumb":"https:\/\/search1.kakaocdn.net\/thumb\/C232x336.q85\/?fname=http%3A%2F%2Ft1.daumcdn.net%2Fcontentshub%2Fsdb%2Fb2928f9e1fa8a870763c724fdafd931efcae95cfecb373932bbcd9e58bec35ce","complete_fhd":"0","episode":"E06","sid":"85122","air_date":"2019.7.13~","schedule":"토, 일 오후 9:00","monitor_fhd":"N","name":"호텔 델루나","season":"S01","company":"tvN","comment":"엘리트 호텔리어가 운명적인 사건으로 호텔 델루나의 지배인을 맡게 되면서 달처럼 고고하고 아름답지만 괴팍한 사장과 함께 델루나를 운영하며 생기는 특별한 이야기를 그린 드라마","complete_hd":"6","status":"2"},{"monitor_hd":"Y","thumb":"https:\/\/search1.kakaocdn.net\/thumb\/C232x336.q85\/?fname=http%3A%2F%2Ft1.daumcdn.net%2Fcontentshub%2Fsdb%2F223570fb76720a1b703951b84a2915b34cf3d7603f5a404018adce83d9e7c865","complete_fhd":"0","episode":"E08","sid":"85856","air_date":"2019.7.20~","schedule":"토 오후 9:05","monitor_fhd":"N","name":"황금정원","season":"S01","company":"MBC","comment":"인생을 뿌리째 도둑맞은 여자 은동주가 자신의 진짜 삶을 찾아내기 위한 과정을 담은 미스터리 휴먼 멜로 드라마","complete_hd":"8","status":"2"}]}
2019-08-01 13:22:57,251   클라이언트 연결 끊김
2019-08-01 13:23:04,951   ####################################################
2019-08-01 13:23:04,952   <ShowDown> Server 1.55
2019-08-01 13:23:05,762   트랜스미션 연결 성공
2019-08-01 13:23:05,861   DB 연결 성공
2019-08-01 13:23:05,863   테이블 확인 완료 : SHOWDOWN
2019-08-01 13:23:05,863   테이블 확인 완료 : DRAMA_LIST
2019-08-01 13:23:05,863   테이블 확인 완료 : DRAMA_EPISODE
2019-08-01 13:23:05,864   테이블 확인 완료 : ENTER_LIST
2019-08-01 13:23:05,864   테이블 확인 완료 : ENTER_EPISODE
2019-08-01 13:23:05,864   테이블 확인 완료 : TV_LIST
2019-08-01 13:23:05,864   테이블 확인 완료 : TV_EPISODE
2019-08-01 13:23:05,865   테이블 확인 완료 : TORRENT_DRAMA
2019-08-01 13:23:05,865   테이블 확인 완료 : TORRENT_ENTER
2019-08-01 13:23:05,866   테이블 확인 완료 : TORRENT_TV
2019-08-01 13:23:05,866   DB 스키마 : 1.55
2019-08-01 13:23:05,866   DB 최신버전
2019-08-01 13:23:05,868   서버 포트 오픈 : 4440
2019-08-01 13:23:05,868   쓰레드 시작 : ShowGet
2019-08-01 13:23:05,869   쓰레드 시작 : ShowDown
2019-08-01 13:23:05,870   쓰레드 시작 : CLI
2019-08-01 13:23:05,871   쓰레드 시작 : Telegram Bot
2019-08-01 13:23:05,872   쓰레드 시작 : TransmissionSpeedLimit
2019-08-01 13:23:05,934   프로세스 시작
2019-08-01 13:23:06,414   사이트01 연결 실패
2019-08-01 13:23:07,961   사이트03 연결 성공
2019-08-01 13:23:31,352   사이트04 연결 실패
2019-08-01 13:23:31,936   사이트05 연결 실패
2019-08-01 13:23:34,364   사이트06 연결 성공
2019-08-01 13:23:36,139   사이트06 드라마 1페이지 신규 토렌트 : 수상한 장모.E52.190801.720p-NEXT
2019-08-01 13:23:36,223   사이트06 드라마 1페이지 신규 토렌트 : 모두 다 쿵따리.E13.190801.720p-NEXT
2019-08-01 13:23:36,332   사이트06 드라마 1페이지 신규 토렌트 : 저스티스.E09E10.1080p.HDTV.x265-0utlaw
2019-08-01 13:23:36,442   사이트06 드라마 1페이지 신규 토렌트 : 닥터탐정.E05.1080p.HDTV.x265-0utlaw
2019-08-01 13:23:36,531   사이트06 드라마 1페이지 신규 토렌트 : 신입사관 구해령.E09E10.1080p.HDTV.x265.2Audio(DVS)-0utlaw
2019-08-01 13:23:50,840   사이트06 마그넷 검색 : 수상한 장모.E52.190801.720p-NEXT / magnet:?xt=urn:btih:00b0b815ff5540c08bd1b0b02b99932f9c762a00
2019-08-01 13:24:01,932   사이트06 마그넷 검색 : 저스티스.E09E10.1080p.HDTV.x265-0utlaw / magnet:?xt=urn:btih:2fabea153d6f802955d184153af17bdb4e49076e
2019-08-01 13:24:13,033   사이트06 마그넷 검색 : 신입사관 구해령.E09E10.1080p.HDTV.x265.2Audio(DVS)-0utlaw / magnet:?xt=urn:btih:0673d501e744d3db20ef975a757e77a48113fa7c
2019-08-01 13:24:24,124   사이트06 마그넷 검색 : 닥터탐정.E05.1080p.HDTV.x265-0utlaw / magnet:?xt=urn:btih:caa33f3d3170aca737563678b83b49ffaa0a932e
2019-08-01 13:24:35,332   사이트06 마그넷 검색 : 모두 다 쿵따리.E13.190801.720p-NEXT / magnet:?xt=urn:btih:c22e4be4fe0c3c7c59f7e14b28910b4c5e8b56ca
2019-08-01 13:24:45,802   사이트07 연결 성공
2019-08-01 13:24:46,214   ---------- 사이트 검색 완료
2019-08-01 13:24:47,127   ---------- 트랜스미션 검색(0/32)
2019-08-01 13:24:47,146   토렌트 없음 : 60일, 지정생존자 E09 720P 190729 - 방영일 지남
2019-08-01 13:24:47,147   토렌트 없음 : 60일, 지정생존자 E10 720P 190730 - 방영일 지남
2019-08-01 13:24:47,149   토렌트 없음 : WATCHER(왓쳐) E07 720P 190727 - 방영일 지남
2019-08-01 13:24:47,150   토렌트 없음 : WATCHER(왓쳐) E08 720P 190728 - 방영일 지남
2019-08-01 13:24:47,152   토렌트 없음 : 닥터탐정 E06 720P 190801
2019-08-01 13:24:47,153   토렌트 없음 : 닥터탐정 E07 720P 190725 - 방영일 지남
2019-08-01 13:24:47,155   토렌트 없음 : 닥터탐정 E08 720P 190725 - 방영일 지남
2019-08-01 13:24:47,159   토렌트 없음 : 레벨업 E08 720P 190801
2019-08-01 13:24:47,160   토렌트 없음 : 미스터 기간제 E02 720P 190718 - 방영일 지남
2019-08-01 13:24:47,161   토렌트 없음 : 미스터 기간제 E06 720P 190801
2019-08-01 13:24:47,162   토렌트 없음 : 신입사관 구해령 E11 720P 190801
2019-08-01 13:24:47,163   토렌트 없음 : 신입사관 구해령 E12 720P 190801
2019-08-01 13:24:47,164   토렌트 없음 : 악마가 너의 이름을 부를 때 E02 720P 190801
2019-08-01 13:24:47,165   토렌트 없음 : 의사요한 E05 720P 190726 - 방영일 지남
2019-08-01 13:24:47,166   토렌트 없음 : 의사요한 E06 720P 190726 - 방영일 지남
2019-08-01 13:24:47,167   토렌트 없음 : 의사요한 E07 720P 190727 - 방영일 지남
2019-08-01 13:24:47,169   토렌트 없음 : 의사요한 E08 720P 190727 - 방영일 지남
2019-08-01 13:24:47,170   토렌트 없음 : 저스티스 E11 720P 190801
2019-08-01 13:24:47,170   토렌트 없음 : 저스티스 E12 720P 190801
2019-08-01 13:24:47,193   토렌트 없음 : 거리의 만찬 E32 720P 190705 - 방영일 지남
2019-08-01 13:24:47,193   토렌트 없음 : 거리의 만찬 E33 720P 190712 - 방영일 지남
2019-08-01 13:24:47,195   토렌트 없음 : 거리의 만찬 E34 720P 190719 - 방영일 지남
2019-08-01 13:24:47,196   토렌트 없음 : 나만 믿고 따라와 도시어부 E100 720P 190801
2019-08-01 13:24:47,197   토렌트 없음 : 나만 믿고 따라와 도시어부 E99 720P 190712 - 방영일 지남
2019-08-01 13:24:47,198   토렌트 없음 : 배틀트립 E149 720P 190720 - 방영일 지남
2019-08-01 13:24:47,198   토렌트 없음 : 배틀트립 E150 720P 190727 - 방영일 지남
2019-08-01 13:24:47,198   토렌트 없음 : 불후의 명곡 전설을 노래하다 E412 720P 190720 - 방영일 지남
2019-08-01 13:24:47,200   토렌트 없음 : 불후의 명곡 전설을 노래하다 E413 720P 190727 - 방영일 지남
2019-08-01 13:24:47,200   토렌트 없음 : 씬의 퀴즈 E04 720P 190801
2019-08-01 13:24:47,201   토렌트 없음 : 연애의 맛 E10 720P 190801
2019-08-01 13:24:47,203   토렌트 없음 : 해피투게더 E43 720P 190801
2019-08-01 13:24:47,205   토렌트 없음 : 호구의 연애 E17 720P 190714 - 방영일 지남
2019-08-01 13:24:47,206   ---------- 토렌트 매칭 완료 (0/32)
2019-08-01 13:24:47,208   ---------- 다운로드 (0/0)
2019-08-01 13:24:47,210   ---------- 상태확인 (0/0)
2019-08-01 13:24:47,212   ---------- 파일처리 (0/0)
2019-08-01 13:24:47,216   ---------- 토렌트삭제 (0/0)
2019-08-01 13:24:48,153   ########## 프로세스 실행중 - 60분후(2019-08-01 14:24:48) 재시작
2019-08-01 13:24:48,153   메모리 사용량 : 41 Mbytes / 120 Mbytes (2720 MBytes)
